#
# There is insufficient memory for the Java Runtime Environment to continue.
# Native memory allocation (malloc) failed to allocate 79216 bytes for Chunk::new
# Possible reasons:
#   The system is out of physical RAM or swap space
#   The process is running with CompressedOops enabled, and the Java Heap may be blocking the growth of the native heap
# Possible solutions:
#   Reduce memory load on the system
#   Increase physical memory or swap space
#   Check if swap backing store is full
#   Decrease Java heap size (-Xmx/-Xms)
#   Decrease number of Java threads
#   Decrease Java thread stack sizes (-Xss)
#   Set larger code cache with -XX:ReservedCodeCacheSize=
#     placed in the first 4GB address space. The Java Heap base address is the
#     maximum limit for the native heap growth. Please use -XX:HeapBaseMinAddress
#     to set the Java Heap base and to place the Java Heap above 4GB virtual address.
# This output file may be truncated or incomplete.
#
#  Out of Memory Error (./src/hotspot/share/memory/arena.cpp:197), pid=19688, tid=10372
#
# JRE version: OpenJDK Runtime Environment (11.0.12+7) (build 11.0.12+7-b1504.28-7817840)
# Java VM: OpenJDK 64-Bit Server VM (11.0.12+7-b1504.28-7817840, mixed mode, tiered, compressed oops, g1 gc, windows-amd64)
# No core dump will be written. Minidumps are not enabled by default on client versions of Windows
#

---------------  S U M M A R Y ------------

Command Line: -Dorg.gradle.appname=gradlew org.gradle.wrapper.GradleWrapperMain -q -Ptarget-platform=android-x86 -Ptarget=H:\Flutter Apps Project\shop_app\lib\main.dart -Pbase-application-name=android.app.Application -Pdart-defines=RkxVVFRFUl9XRUJfQVVUT19ERVRFQ1Q9dHJ1ZQ== -Pdart-obfuscation=false -Ptrack-widget-creation=true -Ptree-shake-icons=false -Pfilesystem-scheme=org-dartlang-root assembleDebug

Host: Intel(R) Core(TM) i5-6300U CPU @ 2.40GHz, 4 cores, 7G,  Windows 10 , 64 bit Build 19041 (10.0.19041.2364)
Time: Fri Jan 27 01:14:35 2023 Bangladesh Standard Time elapsed time: 107.976658 seconds (0d 0h 1m 47s)

---------------  T H R E A D  ---------------

Current thread (0x00000292fe753000):  JavaThread "C2 CompilerThread0" daemon [_thread_in_native, id=10372, stack(0x000000e388400000,0x000000e388500000)]


Current CompileTask:
C2: 107980 1260       4       java.util.ArrayList::add (25 bytes)

Stack: [0x000000e388400000,0x000000e388500000]
Native frames: (J=compiled Java code, j=interpreted, Vv=VM code, C=native code)
V  [jvm.dll+0x5fbcea]
V  [jvm.dll+0x731905]
V  [jvm.dll+0x732f1d]
V  [jvm.dll+0x7335d3]
V  [jvm.dll+0x247bf8]
V  [jvm.dll+0xc018c]
V  [jvm.dll+0xc06cc]
V  [jvm.dll+0x35b31d]
V  [jvm.dll+0x328803]
V  [jvm.dll+0x327cfa]
V  [jvm.dll+0x200602]
V  [jvm.dll+0x1ff794]
V  [jvm.dll+0x18868c]
V  [jvm.dll+0x20e0d7]
V  [jvm.dll+0x20c901]
V  [jvm.dll+0x6f9b7f]
V  [jvm.dll+0x6f26a5]
V  [jvm.dll+0x5fabf6]
C  [ucrtbase.dll+0x21bb2]
C  [KERNEL32.DLL+0x17614]
C  [ntdll.dll+0x526a1]


---------------  P R O C E S S  ---------------

Threads class SMR info:
_java_thread_list=0x00000292ff33b0f0, length=13, elements={
0x00000292f5c34800, 0x00000292fe72e800, 0x00000292fe72f800, 0x00000292fe74a000,
0x00000292fe74c000, 0x00000292fe750000, 0x00000292fe753000, 0x00000292ff0cf800,
0x00000292ff0f1000, 0x00000292ff1fc000, 0x00000292ffbba800, 0x00000292ff2cc000,
0x00000292ff2e4000
}

Java Threads: ( => current thread )
  0x00000292f5c34800 JavaThread "main" [_thread_in_native, id=12540, stack(0x000000e387800000,0x000000e387900000)]
  0x00000292fe72e800 JavaThread "Reference Handler" daemon [_thread_blocked, id=14248, stack(0x000000e387f00000,0x000000e388000000)]
  0x00000292fe72f800 JavaThread "Finalizer" daemon [_thread_blocked, id=11704, stack(0x000000e388000000,0x000000e388100000)]
  0x00000292fe74a000 JavaThread "Signal Dispatcher" daemon [_thread_blocked, id=15528, stack(0x000000e388100000,0x000000e388200000)]
  0x00000292fe74c000 JavaThread "Attach Listener" daemon [_thread_blocked, id=2484, stack(0x000000e388200000,0x000000e388300000)]
  0x00000292fe750000 JavaThread "Service Thread" daemon [_thread_blocked, id=18092, stack(0x000000e388300000,0x000000e388400000)]
=>0x00000292fe753000 JavaThread "C2 CompilerThread0" daemon [_thread_in_native, id=10372, stack(0x000000e388400000,0x000000e388500000)]
  0x00000292ff0cf800 JavaThread "C1 CompilerThread0" daemon [_thread_blocked, id=16300, stack(0x000000e388500000,0x000000e388600000)]
  0x00000292ff0f1000 JavaThread "Sweeper thread" daemon [_thread_blocked, id=7672, stack(0x000000e388600000,0x000000e388700000)]
  0x00000292ff1fc000 JavaThread "Common-Cleaner" daemon [_thread_blocked, id=9252, stack(0x000000e388800000,0x000000e388900000)]
  0x00000292ffbba800 JavaThread "pool-1-thread-1" [_thread_blocked, id=11576, stack(0x000000e388b00000,0x000000e388c00000)]
  0x00000292ff2cc000 JavaThread "DisconnectableInputStream source reader" daemon [_thread_in_native, id=9144, stack(0x000000e388e00000,0x000000e388f00000)]
  0x00000292ff2e4000 JavaThread "Forward input" [_thread_blocked, id=8140, stack(0x000000e388f00000,0x000000e389000000)]

Other Threads:
  0x00000292fe707800 VMThread "VM Thread" [stack: 0x000000e387e00000,0x000000e387f00000] [id=3876]
  0x00000292ff1f3800 WatcherThread [stack: 0x000000e388700000,0x000000e388800000] [id=1864]
  0x00000292f5c4d800 GCTaskThread "GC Thread#0" [stack: 0x000000e387900000,0x000000e387a00000] [id=8220]
  0x00000292ff54a000 GCTaskThread "GC Thread#1" [stack: 0x000000e388900000,0x000000e388a00000] [id=15448]
  0x00000292ff35c800 GCTaskThread "GC Thread#2" [stack: 0x000000e388a00000,0x000000e388b00000] [id=3480]
  0x00000292ff0e6800 GCTaskThread "GC Thread#3" [stack: 0x000000e388c00000,0x000000e388d00000] [id=19760]
  0x00000292f5c7c800 ConcurrentGCThread "G1 Main Marker" [stack: 0x000000e387a00000,0x000000e387b00000] [id=2068]
  0x00000292f5c80800 ConcurrentGCThread "G1 Conc#0" [stack: 0x000000e387b00000,0x000000e387c00000] [id=11828]
  0x00000292f5cfe000 ConcurrentGCThread "G1 Refine#0" [stack: 0x000000e387c00000,0x000000e387d00000] [id=11408]
  0x00000292fe580800 ConcurrentGCThread "G1 Young RemSet Sampling" [stack: 0x000000e387d00000,0x000000e387e00000] [id=12252]

Threads with active compile tasks:
C2 CompilerThread0 108120 1260       4       java.util.ArrayList::add (25 bytes)

VM state:not at safepoint (normal execution)

VM Mutex/Monitor currently owned by a thread: None

Heap address: 0x0000000081c00000, size: 2020 MB, Compressed Oops mode: 32-bit
Narrow klass base: 0x0000000000000000, Narrow klass shift: 3
Compressed class space size: 1073741824 Address: 0x0000000100000000

Heap:
 garbage-first heap   total 131072K, used 23008K [0x0000000081c00000, 0x0000000100000000)
  region size 1024K, 16 young (16384K), 2 survivors (2048K)
 Metaspace       used 14986K, capacity 15323K, committed 15488K, reserved 1062912K
  class space    used 1730K, capacity 1834K, committed 1920K, reserved 1048576K
Heap Regions: E=young(eden), S=young(survivor), O=old, HS=humongous(starts), HC=humongous(continues), CS=collection set, F=free, A=archive, TAMS=top-at-mark-start (previous, next)
|   0|0x0000000081c00000, 0x0000000081d00000, 0x0000000081d00000|100%|HS|  |TAMS 0x0000000081c00000, 0x0000000081c00000| Complete 
|   1|0x0000000081d00000, 0x0000000081e00000, 0x0000000081e00000|100%|HC|  |TAMS 0x0000000081d00000, 0x0000000081d00000| Complete 
|   2|0x0000000081e00000, 0x0000000081f00000, 0x0000000081f00000|100%|HC|  |TAMS 0x0000000081e00000, 0x0000000081e00000| Complete 
|   3|0x0000000081f00000, 0x0000000082000000, 0x0000000082000000|100%| O|  |TAMS 0x0000000081f00000, 0x0000000081f00000| Untracked 
|   4|0x0000000082000000, 0x0000000082100000, 0x0000000082100000|100%| O|  |TAMS 0x0000000082000000, 0x0000000082000000| Untracked 
|   5|0x0000000082100000, 0x0000000082200000, 0x0000000082200000|100%| O|  |TAMS 0x0000000082100000, 0x0000000082100000| Untracked 
|   6|0x0000000082200000, 0x0000000082300000, 0x0000000082300000|100%| O|  |TAMS 0x0000000082200000, 0x0000000082200000| Untracked 
|   7|0x0000000082300000, 0x0000000082378200, 0x0000000082400000| 46%| O|  |TAMS 0x0000000082300000, 0x0000000082300000| Untracked 
|   8|0x0000000082400000, 0x0000000082400000, 0x0000000082500000|  0%| F|  |TAMS 0x0000000082400000, 0x0000000082400000| Untracked 
|   9|0x0000000082500000, 0x0000000082500000, 0x0000000082600000|  0%| F|  |TAMS 0x0000000082500000, 0x0000000082500000| Untracked 
|  10|0x0000000082600000, 0x0000000082600000, 0x0000000082700000|  0%| F|  |TAMS 0x0000000082600000, 0x0000000082600000| Untracked 
|  11|0x0000000082700000, 0x0000000082700000, 0x0000000082800000|  0%| F|  |TAMS 0x0000000082700000, 0x0000000082700000| Untracked 
|  12|0x0000000082800000, 0x0000000082800000, 0x0000000082900000|  0%| F|  |TAMS 0x0000000082800000, 0x0000000082800000| Untracked 
|  13|0x0000000082900000, 0x0000000082900000, 0x0000000082a00000|  0%| F|  |TAMS 0x0000000082900000, 0x0000000082900000| Untracked 
|  14|0x0000000082a00000, 0x0000000082a00000, 0x0000000082b00000|  0%| F|  |TAMS 0x0000000082a00000, 0x0000000082a00000| Untracked 
|  15|0x0000000082b00000, 0x0000000082b00000, 0x0000000082c00000|  0%| F|  |TAMS 0x0000000082b00000, 0x0000000082b00000| Untracked 
|  16|0x0000000082c00000, 0x0000000082c00000, 0x0000000082d00000|  0%| F|  |TAMS 0x0000000082c00000, 0x0000000082c00000| Untracked 
|  17|0x0000000082d00000, 0x0000000082d00000, 0x0000000082e00000|  0%| F|  |TAMS 0x0000000082d00000, 0x0000000082d00000| Untracked 
|  18|0x0000000082e00000, 0x0000000082e00000, 0x0000000082f00000|  0%| F|  |TAMS 0x0000000082e00000, 0x0000000082e00000| Untracked 
|  19|0x0000000082f00000, 0x0000000082f00000, 0x0000000083000000|  0%| F|  |TAMS 0x0000000082f00000, 0x0000000082f00000| Untracked 
|  20|0x0000000083000000, 0x0000000083000000, 0x0000000083100000|  0%| F|  |TAMS 0x0000000083000000, 0x0000000083000000| Untracked 
|  21|0x0000000083100000, 0x0000000083100000, 0x0000000083200000|  0%| F|  |TAMS 0x0000000083100000, 0x0000000083100000| Untracked 
|  22|0x0000000083200000, 0x0000000083200000, 0x0000000083300000|  0%| F|  |TAMS 0x0000000083200000, 0x0000000083200000| Untracked 
|  23|0x0000000083300000, 0x0000000083300000, 0x0000000083400000|  0%| F|  |TAMS 0x0000000083300000, 0x0000000083300000| Untracked 
|  24|0x0000000083400000, 0x0000000083400000, 0x0000000083500000|  0%| F|  |TAMS 0x0000000083400000, 0x0000000083400000| Untracked 
|  25|0x0000000083500000, 0x0000000083500000, 0x0000000083600000|  0%| F|  |TAMS 0x0000000083500000, 0x0000000083500000| Untracked 
|  26|0x0000000083600000, 0x0000000083600000, 0x0000000083700000|  0%| F|  |TAMS 0x0000000083600000, 0x0000000083600000| Untracked 
|  27|0x0000000083700000, 0x0000000083700000, 0x0000000083800000|  0%| F|  |TAMS 0x0000000083700000, 0x0000000083700000| Untracked 
|  28|0x0000000083800000, 0x0000000083800000, 0x0000000083900000|  0%| F|  |TAMS 0x0000000083800000, 0x0000000083800000| Untracked 
|  29|0x0000000083900000, 0x0000000083900000, 0x0000000083a00000|  0%| F|  |TAMS 0x0000000083900000, 0x0000000083900000| Untracked 
|  30|0x0000000083a00000, 0x0000000083a00000, 0x0000000083b00000|  0%| F|  |TAMS 0x0000000083a00000, 0x0000000083a00000| Untracked 
|  31|0x0000000083b00000, 0x0000000083b00000, 0x0000000083c00000|  0%| F|  |TAMS 0x0000000083b00000, 0x0000000083b00000| Untracked 
|  32|0x0000000083c00000, 0x0000000083c00000, 0x0000000083d00000|  0%| F|  |TAMS 0x0000000083c00000, 0x0000000083c00000| Untracked 
|  33|0x0000000083d00000, 0x0000000083d00000, 0x0000000083e00000|  0%| F|  |TAMS 0x0000000083d00000, 0x0000000083d00000| Untracked 
|  34|0x0000000083e00000, 0x0000000083e00000, 0x0000000083f00000|  0%| F|  |TAMS 0x0000000083e00000, 0x0000000083e00000| Untracked 
|  35|0x0000000083f00000, 0x0000000083f00000, 0x0000000084000000|  0%| F|  |TAMS 0x0000000083f00000, 0x0000000083f00000| Untracked 
|  36|0x0000000084000000, 0x0000000084000000, 0x0000000084100000|  0%| F|  |TAMS 0x0000000084000000, 0x0000000084000000| Untracked 
|  37|0x0000000084100000, 0x0000000084100000, 0x0000000084200000|  0%| F|  |TAMS 0x0000000084100000, 0x0000000084100000| Untracked 
|  38|0x0000000084200000, 0x0000000084200000, 0x0000000084300000|  0%| F|  |TAMS 0x0000000084200000, 0x0000000084200000| Untracked 
|  39|0x0000000084300000, 0x0000000084300000, 0x0000000084400000|  0%| F|  |TAMS 0x0000000084300000, 0x0000000084300000| Untracked 
|  40|0x0000000084400000, 0x0000000084400000, 0x0000000084500000|  0%| F|  |TAMS 0x0000000084400000, 0x0000000084400000| Untracked 
|  41|0x0000000084500000, 0x0000000084500000, 0x0000000084600000|  0%| F|  |TAMS 0x0000000084500000, 0x0000000084500000| Untracked 
|  42|0x0000000084600000, 0x0000000084600000, 0x0000000084700000|  0%| F|  |TAMS 0x0000000084600000, 0x0000000084600000| Untracked 
|  43|0x0000000084700000, 0x0000000084700000, 0x0000000084800000|  0%| F|  |TAMS 0x0000000084700000, 0x0000000084700000| Untracked 
|  44|0x0000000084800000, 0x0000000084800000, 0x0000000084900000|  0%| F|  |TAMS 0x0000000084800000, 0x0000000084800000| Untracked 
|  45|0x0000000084900000, 0x0000000084900000, 0x0000000084a00000|  0%| F|  |TAMS 0x0000000084900000, 0x0000000084900000| Untracked 
|  46|0x0000000084a00000, 0x0000000084a00000, 0x0000000084b00000|  0%| F|  |TAMS 0x0000000084a00000, 0x0000000084a00000| Untracked 
|  47|0x0000000084b00000, 0x0000000084b00000, 0x0000000084c00000|  0%| F|  |TAMS 0x0000000084b00000, 0x0000000084b00000| Untracked 
|  48|0x0000000084c00000, 0x0000000084c00000, 0x0000000084d00000|  0%| F|  |TAMS 0x0000000084c00000, 0x0000000084c00000| Untracked 
|  49|0x0000000084d00000, 0x0000000084d00000, 0x0000000084e00000|  0%| F|  |TAMS 0x0000000084d00000, 0x0000000084d00000| Untracked 
|  50|0x0000000084e00000, 0x0000000084e00000, 0x0000000084f00000|  0%| F|  |TAMS 0x0000000084e00000, 0x0000000084e00000| Untracked 
|  51|0x0000000084f00000, 0x0000000084f00000, 0x0000000085000000|  0%| F|  |TAMS 0x0000000084f00000, 0x0000000084f00000| Untracked 
|  52|0x0000000085000000, 0x0000000085000000, 0x0000000085100000|  0%| F|  |TAMS 0x0000000085000000, 0x0000000085000000| Untracked 
|  53|0x0000000085100000, 0x0000000085100000, 0x0000000085200000|  0%| F|  |TAMS 0x0000000085100000, 0x0000000085100000| Untracked 
|  54|0x0000000085200000, 0x0000000085200000, 0x0000000085300000|  0%| F|  |TAMS 0x0000000085200000, 0x0000000085200000| Untracked 
|  55|0x0000000085300000, 0x0000000085300000, 0x0000000085400000|  0%| F|  |TAMS 0x0000000085300000, 0x0000000085300000| Untracked 
|  56|0x0000000085400000, 0x0000000085400000, 0x0000000085500000|  0%| F|  |TAMS 0x0000000085400000, 0x0000000085400000| Untracked 
|  57|0x0000000085500000, 0x0000000085500000, 0x0000000085600000|  0%| F|  |TAMS 0x0000000085500000, 0x0000000085500000| Untracked 
|  58|0x0000000085600000, 0x0000000085600000, 0x0000000085700000|  0%| F|  |TAMS 0x0000000085600000, 0x0000000085600000| Untracked 
|  59|0x0000000085700000, 0x0000000085700000, 0x0000000085800000|  0%| F|  |TAMS 0x0000000085700000, 0x0000000085700000| Untracked 
|  60|0x0000000085800000, 0x0000000085800000, 0x0000000085900000|  0%| F|  |TAMS 0x0000000085800000, 0x0000000085800000| Untracked 
|  61|0x0000000085900000, 0x0000000085900000, 0x0000000085a00000|  0%| F|  |TAMS 0x0000000085900000, 0x0000000085900000| Untracked 
|  62|0x0000000085a00000, 0x0000000085a00000, 0x0000000085b00000|  0%| F|  |TAMS 0x0000000085a00000, 0x0000000085a00000| Untracked 
|  63|0x0000000085b00000, 0x0000000085b00000, 0x0000000085c00000|  0%| F|  |TAMS 0x0000000085b00000, 0x0000000085b00000| Untracked 
|  64|0x0000000085c00000, 0x0000000085c00000, 0x0000000085d00000|  0%| F|  |TAMS 0x0000000085c00000, 0x0000000085c00000| Untracked 
|  65|0x0000000085d00000, 0x0000000085d00000, 0x0000000085e00000|  0%| F|  |TAMS 0x0000000085d00000, 0x0000000085d00000| Untracked 
|  66|0x0000000085e00000, 0x0000000085e00000, 0x0000000085f00000|  0%| F|  |TAMS 0x0000000085e00000, 0x0000000085e00000| Untracked 
|  67|0x0000000085f00000, 0x0000000085f00000, 0x0000000086000000|  0%| F|  |TAMS 0x0000000085f00000, 0x0000000085f00000| Untracked 
|  68|0x0000000086000000, 0x0000000086000000, 0x0000000086100000|  0%| F|  |TAMS 0x0000000086000000, 0x0000000086000000| Untracked 
|  69|0x0000000086100000, 0x0000000086100000, 0x0000000086200000|  0%| F|  |TAMS 0x0000000086100000, 0x0000000086100000| Untracked 
|  70|0x0000000086200000, 0x0000000086200000, 0x0000000086300000|  0%| F|  |TAMS 0x0000000086200000, 0x0000000086200000| Untracked 
|  71|0x0000000086300000, 0x0000000086300000, 0x0000000086400000|  0%| F|  |TAMS 0x0000000086300000, 0x0000000086300000| Untracked 
|  72|0x0000000086400000, 0x0000000086400000, 0x0000000086500000|  0%| F|  |TAMS 0x0000000086400000, 0x0000000086400000| Untracked 
|  73|0x0000000086500000, 0x0000000086500000, 0x0000000086600000|  0%| F|  |TAMS 0x0000000086500000, 0x0000000086500000| Untracked 
|  74|0x0000000086600000, 0x0000000086600000, 0x0000000086700000|  0%| F|  |TAMS 0x0000000086600000, 0x0000000086600000| Untracked 
|  75|0x0000000086700000, 0x0000000086700000, 0x0000000086800000|  0%| F|  |TAMS 0x0000000086700000, 0x0000000086700000| Untracked 
|  76|0x0000000086800000, 0x0000000086800000, 0x0000000086900000|  0%| F|  |TAMS 0x0000000086800000, 0x0000000086800000| Untracked 
|  77|0x0000000086900000, 0x0000000086900000, 0x0000000086a00000|  0%| F|  |TAMS 0x0000000086900000, 0x0000000086900000| Untracked 
|  78|0x0000000086a00000, 0x0000000086a00000, 0x0000000086b00000|  0%| F|  |TAMS 0x0000000086a00000, 0x0000000086a00000| Untracked 
|  79|0x0000000086b00000, 0x0000000086b00000, 0x0000000086c00000|  0%| F|  |TAMS 0x0000000086b00000, 0x0000000086b00000| Untracked 
|  80|0x0000000086c00000, 0x0000000086c00000, 0x0000000086d00000|  0%| F|  |TAMS 0x0000000086c00000, 0x0000000086c00000| Untracked 
|  81|0x0000000086d00000, 0x0000000086d00000, 0x0000000086e00000|  0%| F|  |TAMS 0x0000000086d00000, 0x0000000086d00000| Untracked 
|  82|0x0000000086e00000, 0x0000000086e00000, 0x0000000086f00000|  0%| F|  |TAMS 0x0000000086e00000, 0x0000000086e00000| Untracked 
|  83|0x0000000086f00000, 0x0000000086f00000, 0x0000000087000000|  0%| F|  |TAMS 0x0000000086f00000, 0x0000000086f00000| Untracked 
|  84|0x0000000087000000, 0x0000000087000000, 0x0000000087100000|  0%| F|  |TAMS 0x0000000087000000, 0x0000000087000000| Untracked 
|  85|0x0000000087100000, 0x0000000087100000, 0x0000000087200000|  0%| F|  |TAMS 0x0000000087100000, 0x0000000087100000| Untracked 
|  86|0x0000000087200000, 0x0000000087200000, 0x0000000087300000|  0%| F|  |TAMS 0x0000000087200000, 0x0000000087200000| Untracked 
|  87|0x0000000087300000, 0x0000000087300000, 0x0000000087400000|  0%| F|  |TAMS 0x0000000087300000, 0x0000000087300000| Untracked 
|  88|0x0000000087400000, 0x0000000087400000, 0x0000000087500000|  0%| F|  |TAMS 0x0000000087400000, 0x0000000087400000| Untracked 
|  89|0x0000000087500000, 0x0000000087500000, 0x0000000087600000|  0%| F|  |TAMS 0x0000000087500000, 0x0000000087500000| Untracked 
|  90|0x0000000087600000, 0x0000000087600000, 0x0000000087700000|  0%| F|  |TAMS 0x0000000087600000, 0x0000000087600000| Untracked 
|  91|0x0000000087700000, 0x0000000087700000, 0x0000000087800000|  0%| F|  |TAMS 0x0000000087700000, 0x0000000087700000| Untracked 
|  92|0x0000000087800000, 0x0000000087800000, 0x0000000087900000|  0%| F|  |TAMS 0x0000000087800000, 0x0000000087800000| Untracked 
|  93|0x0000000087900000, 0x0000000087900000, 0x0000000087a00000|  0%| F|  |TAMS 0x0000000087900000, 0x0000000087900000| Untracked 
|  94|0x0000000087a00000, 0x0000000087a00000, 0x0000000087b00000|  0%| F|  |TAMS 0x0000000087a00000, 0x0000000087a00000| Untracked 
|  95|0x0000000087b00000, 0x0000000087b00000, 0x0000000087c00000|  0%| F|  |TAMS 0x0000000087b00000, 0x0000000087b00000| Untracked 
|  96|0x0000000087c00000, 0x0000000087c00000, 0x0000000087d00000|  0%| F|  |TAMS 0x0000000087c00000, 0x0000000087c00000| Untracked 
|  97|0x0000000087d00000, 0x0000000087d00000, 0x0000000087e00000|  0%| F|  |TAMS 0x0000000087d00000, 0x0000000087d00000| Untracked 
|  98|0x0000000087e00000, 0x0000000087e00000, 0x0000000087f00000|  0%| F|  |TAMS 0x0000000087e00000, 0x0000000087e00000| Untracked 
|  99|0x0000000087f00000, 0x0000000087f00000, 0x0000000088000000|  0%| F|  |TAMS 0x0000000087f00000, 0x0000000087f00000| Untracked 
| 100|0x0000000088000000, 0x0000000088000000, 0x0000000088100000|  0%| F|  |TAMS 0x0000000088000000, 0x0000000088000000| Untracked 
| 101|0x0000000088100000, 0x0000000088100000, 0x0000000088200000|  0%| F|  |TAMS 0x0000000088100000, 0x0000000088100000| Untracked 
| 102|0x0000000088200000, 0x0000000088200000, 0x0000000088300000|  0%| F|  |TAMS 0x0000000088200000, 0x0000000088200000| Untracked 
| 103|0x0000000088300000, 0x0000000088300000, 0x0000000088400000|  0%| F|  |TAMS 0x0000000088300000, 0x0000000088300000| Untracked 
| 104|0x0000000088400000, 0x0000000088400000, 0x0000000088500000|  0%| F|  |TAMS 0x0000000088400000, 0x0000000088400000| Untracked 
| 105|0x0000000088500000, 0x0000000088500000, 0x0000000088600000|  0%| F|  |TAMS 0x0000000088500000, 0x0000000088500000| Untracked 
| 106|0x0000000088600000, 0x0000000088600000, 0x0000000088700000|  0%| F|  |TAMS 0x0000000088600000, 0x0000000088600000| Untracked 
| 107|0x0000000088700000, 0x0000000088700000, 0x0000000088800000|  0%| F|  |TAMS 0x0000000088700000, 0x0000000088700000| Untracked 
| 108|0x0000000088800000, 0x0000000088800000, 0x0000000088900000|  0%| F|  |TAMS 0x0000000088800000, 0x0000000088800000| Untracked 
| 109|0x0000000088900000, 0x0000000088900000, 0x0000000088a00000|  0%| F|  |TAMS 0x0000000088900000, 0x0000000088900000| Untracked 
| 110|0x0000000088a00000, 0x0000000088a00000, 0x0000000088b00000|  0%| F|  |TAMS 0x0000000088a00000, 0x0000000088a00000| Untracked 
| 111|0x0000000088b00000, 0x0000000088b00000, 0x0000000088c00000|  0%| F|  |TAMS 0x0000000088b00000, 0x0000000088b00000| Untracked 
| 112|0x0000000088c00000, 0x0000000088d00000, 0x0000000088d00000|100%| E|  |TAMS 0x0000000088c00000, 0x0000000088c00000| Complete 
| 113|0x0000000088d00000, 0x0000000088e00000, 0x0000000088e00000|100%| E|CS|TAMS 0x0000000088d00000, 0x0000000088d00000| Complete 
| 114|0x0000000088e00000, 0x0000000088f00000, 0x0000000088f00000|100%| S|CS|TAMS 0x0000000088e00000, 0x0000000088e00000| Complete 
| 115|0x0000000088f00000, 0x0000000089000000, 0x0000000089000000|100%| S|CS|TAMS 0x0000000088f00000, 0x0000000088f00000| Complete 
| 116|0x0000000089000000, 0x0000000089100000, 0x0000000089100000|100%| E|CS|TAMS 0x0000000089000000, 0x0000000089000000| Complete 
| 117|0x0000000089100000, 0x0000000089200000, 0x0000000089200000|100%| E|CS|TAMS 0x0000000089100000, 0x0000000089100000| Complete 
| 118|0x0000000089200000, 0x0000000089300000, 0x0000000089300000|100%| E|CS|TAMS 0x0000000089200000, 0x0000000089200000| Complete 
| 119|0x0000000089300000, 0x0000000089400000, 0x0000000089400000|100%| E|CS|TAMS 0x0000000089300000, 0x0000000089300000| Complete 
| 120|0x0000000089400000, 0x0000000089500000, 0x0000000089500000|100%| E|CS|TAMS 0x0000000089400000, 0x0000000089400000| Complete 
| 121|0x0000000089500000, 0x0000000089600000, 0x0000000089600000|100%| E|CS|TAMS 0x0000000089500000, 0x0000000089500000| Complete 
| 122|0x0000000089600000, 0x0000000089700000, 0x0000000089700000|100%| E|CS|TAMS 0x0000000089600000, 0x0000000089600000| Complete 
| 123|0x0000000089700000, 0x0000000089800000, 0x0000000089800000|100%| E|CS|TAMS 0x0000000089700000, 0x0000000089700000| Complete 
| 124|0x0000000089800000, 0x0000000089900000, 0x0000000089900000|100%| E|CS|TAMS 0x0000000089800000, 0x0000000089800000| Complete 
| 125|0x0000000089900000, 0x0000000089a00000, 0x0000000089a00000|100%| E|CS|TAMS 0x0000000089900000, 0x0000000089900000| Complete 
| 126|0x0000000089a00000, 0x0000000089b00000, 0x0000000089b00000|100%| E|CS|TAMS 0x0000000089a00000, 0x0000000089a00000| Complete 
| 127|0x0000000089b00000, 0x0000000089c00000, 0x0000000089c00000|100%| E|CS|TAMS 0x0000000089b00000, 0x0000000089b00000| Complete 

Card table byte_map: [0x00000292fb940000,0x00000292fbd40000] _byte_map_base: 0x00000292fb532000

Marking Bits (Prev, Next): (CMBitMap*) 0x00000292f5c74008, (CMBitMap*) 0x00000292f5c74040
 Prev Bits: [0x00000292fc140000, 0x00000292fe0d0000)
 Next Bits: [0x000002928f000000, 0x0000029290f90000)

Polling page: 0x00000292f5b00000

Metaspace:

Usage:
  Non-class:     13.17 MB capacity,    12.94 MB ( 98%) used,   212.51 KB (  2%) free+waste,    20.88 KB ( <1%) overhead. 
      Class:      1.79 MB capacity,     1.69 MB ( 94%) used,    93.27 KB (  5%) free+waste,    10.25 KB ( <1%) overhead. 
       Both:     14.96 MB capacity,    14.63 MB ( 98%) used,   305.78 KB (  2%) free+waste,    31.13 KB ( <1%) overhead. 

Virtual space:
  Non-class space:       14.00 MB reserved,      13.25 MB ( 95%) committed 
      Class space:        1.00 GB reserved,       1.88 MB ( <1%) committed 
             Both:        1.01 GB reserved,      15.13 MB (  1%) committed 

Chunk freelists:
   Non-Class:  15.00 KB
       Class:  22.00 KB
        Both:  37.00 KB

MaxMetaspaceSize: 17179869184.00 GB
CompressedClassSpaceSize: 1.00 GB
Initial GC threshold: 20.80 MB
Current GC threshold: 20.80 MB
CDS: off

CodeHeap 'non-profiled nmethods': size=120064Kb used=450Kb max_used=450Kb free=119613Kb
 bounds [0x0000029287ac0000, 0x0000029287d30000, 0x000002928f000000]
CodeHeap 'profiled nmethods': size=120000Kb used=2363Kb max_used=2363Kb free=117636Kb
 bounds [0x0000029280590000, 0x0000029280800000, 0x0000029287ac0000]
CodeHeap 'non-nmethods': size=5696Kb used=1160Kb max_used=1170Kb free=4535Kb
 bounds [0x0000029280000000, 0x0000029280270000, 0x0000029280590000]
 total_blobs=1675 nmethods=1259 adapters=329
 compilation: enabled
              stopped_count=0, restarted_count=0
 full_count=0

Compilation events (20 events):
Event: 103.618 Thread 0x00000292ff0cf800 nmethod 1251 0x00000292807da310 code [0x00000292807da4c0, 0x00000292807da678]
Event: 103.618 Thread 0x00000292ff0cf800 1252       3       org.gradle.internal.logging.text.AbstractLineChoppingStyledTextOutput::access$402 (7 bytes)
Event: 103.618 Thread 0x00000292ff0cf800 nmethod 1252 0x00000292807da790 code [0x00000292807da940, 0x00000292807daa78]
Event: 103.618 Thread 0x00000292ff0cf800 1253       3       org.gradle.internal.logging.text.AbstractLineChoppingStyledTextOutput$1::execute (9 bytes)
Event: 103.618 Thread 0x00000292ff0cf800 nmethod 1253 0x00000292807dab90 code [0x00000292807dad60, 0x00000292807daf68]
Event: 103.618 Thread 0x00000292ff0cf800 1254       3       org.gradle.internal.logging.text.AbstractLineChoppingStyledTextOutput$1::execute (140 bytes)
Event: 103.629 Thread 0x00000292ff0cf800 nmethod 1254 0x00000292807db010 code [0x00000292807db340, 0x00000292807dc3b8]
Event: 103.630 Thread 0x00000292ff0cf800 1255       3       org.gradle.internal.logging.text.AbstractLineChoppingStyledTextOutput$SeenFromEol::all (18 bytes)
Event: 103.631 Thread 0x00000292ff0cf800 nmethod 1255 0x00000292807dca90 code [0x00000292807dcc40, 0x00000292807dcdb8]
Event: 103.631 Thread 0x00000292ff0cf800 1258       3       org.gradle.internal.logging.text.AbstractLineChoppingStyledTextOutput$2::execute (9 bytes)
Event: 103.631 Thread 0x00000292ff0cf800 nmethod 1258 0x00000292807dce90 code [0x00000292807dd060, 0x00000292807dd268]
Event: 103.631 Thread 0x00000292ff0cf800 1259       3       org.gradle.internal.logging.text.AbstractLineChoppingStyledTextOutput$2::execute (77 bytes)
Event: 103.634 Thread 0x00000292ff0cf800 nmethod 1259 0x00000292807dd310 code [0x00000292807dd5c0, 0x00000292807de078]
Event: 103.634 Thread 0x00000292ff0cf800 1256       3       org.gradle.internal.logging.text.AbstractLineChoppingStyledTextOutput$SeenFromEol::none (13 bytes)
Event: 103.634 Thread 0x00000292ff0cf800 nmethod 1256 0x00000292807de590 code [0x00000292807de740, 0x00000292807de898]
Event: 103.634 Thread 0x00000292ff0cf800 1257       3       org.gradle.internal.logging.text.AbstractLineChoppingStyledTextOutput::access$800 (4 bytes)
Event: 103.634 Thread 0x00000292ff0cf800 nmethod 1257 0x00000292807de910 code [0x00000292807deac0, 0x00000292807debb8]
Event: 103.634 Thread 0x00000292ff0cf800 1250       1       org.gradle.internal.logging.events.CategorisedOutputEvent::getLogLevel (5 bytes)
Event: 103.635 Thread 0x00000292ff0cf800 nmethod 1250 0x0000029287b30710 code [0x0000029287b308c0, 0x0000029287b30978]
Event: 107.906 Thread 0x00000292fe753000 1260       4       java.util.ArrayList::add (25 bytes)

GC Heap History (4 events):
Event: 13.578 GC heap before
{Heap before GC invocations=0 (full 0):
 garbage-first heap   total 131072K, used 17408K [0x0000000081c00000, 0x0000000100000000)
  region size 1024K, 14 young (14336K), 0 survivors (0K)
 Metaspace       used 7975K, capacity 8177K, committed 8320K, reserved 1056768K
  class space    used 716K, capacity 786K, committed 896K, reserved 1048576K
}
Event: 13.633 GC heap after
{Heap after GC invocations=1 (full 0):
 garbage-first heap   total 131072K, used 3596K [0x0000000081c00000, 0x0000000100000000)
  region size 1024K, 2 young (2048K), 2 survivors (2048K)
 Metaspace       used 7975K, capacity 8177K, committed 8320K, reserved 1056768K
  class space    used 716K, capacity 786K, committed 896K, reserved 1048576K
}
Event: 16.897 GC heap before
{Heap before GC invocations=1 (full 0):
 garbage-first heap   total 131072K, used 18956K [0x0000000081c00000, 0x0000000100000000)
  region size 1024K, 14 young (14336K), 2 survivors (2048K)
 Metaspace       used 10915K, capacity 11110K, committed 11264K, reserved 1058816K
  class space    used 1161K, capacity 1236K, committed 1280K, reserved 1048576K
}
Event: 17.871 GC heap after
{Heap after GC invocations=2 (full 0):
 garbage-first heap   total 131072K, used 9696K [0x0000000081c00000, 0x0000000100000000)
  region size 1024K, 2 young (2048K), 2 survivors (2048K)
 Metaspace       used 10915K, capacity 11110K, committed 11264K, reserved 1058816K
  class space    used 1161K, capacity 1236K, committed 1280K, reserved 1048576K
}

Deoptimization events (20 events):
Event: 19.219 Thread 0x00000292f5c34800 DEOPT PACKING pc=0x000002928062c87f sp=0x000000e3878f9140
Event: 19.219 Thread 0x00000292f5c34800 DEOPT UNPACKING pc=0x000002928004a95e sp=0x000000e3878f8590 mode 0
Event: 19.630 Thread 0x00000292f5c34800 DEOPT PACKING pc=0x0000029280678430 sp=0x000000e3878f8c00
Event: 19.630 Thread 0x00000292f5c34800 DEOPT UNPACKING pc=0x000002928004a95e sp=0x000000e3878f8118 mode 0
Event: 19.721 Thread 0x00000292f5c34800 Uncommon trap: trap_request=0xffffff4d fr.pc=0x0000029287b18b60 relative=0x00000000000001a0
Event: 19.721 Thread 0x00000292f5c34800 Uncommon trap: reason=unstable_if action=reinterpret pc=0x0000029287b18b60 method=java.util.HashMap.getNode(ILjava/lang/Object;)Ljava/util/HashMap$Node; @ 129 c2
Event: 19.721 Thread 0x00000292f5c34800 DEOPT PACKING pc=0x0000029287b18b60 sp=0x000000e3878fa9a0
Event: 19.721 Thread 0x00000292f5c34800 DEOPT UNPACKING pc=0x000002928004a1af sp=0x000000e3878fa8a0 mode 2
Event: 23.502 Thread 0x00000292f5c34800 Uncommon trap: trap_request=0xffffff4d fr.pc=0x0000029287b15dd0 relative=0x0000000000001a70
Event: 23.502 Thread 0x00000292f5c34800 Uncommon trap: reason=unstable_if action=reinterpret pc=0x0000029287b15dd0 method=java.io.WinNTFileSystem.normalize(Ljava/lang/String;)Ljava/lang/String; @ 128 c2
Event: 23.502 Thread 0x00000292f5c34800 DEOPT PACKING pc=0x0000029287b15dd0 sp=0x000000e3878fa4c0
Event: 23.502 Thread 0x00000292f5c34800 DEOPT UNPACKING pc=0x000002928004a1af sp=0x000000e3878fa498 mode 2
Event: 25.998 Thread 0x00000292f5c34800 Uncommon trap: trap_request=0xffffff4d fr.pc=0x0000029287b0058c relative=0x000000000000054c
Event: 25.998 Thread 0x00000292f5c34800 Uncommon trap: reason=unstable_if action=reinterpret pc=0x0000029287b0058c method=java.lang.AbstractStringBuilder.append(Ljava/lang/String;)Ljava/lang/AbstractStringBuilder; @ 1 c2
Event: 25.998 Thread 0x00000292f5c34800 DEOPT PACKING pc=0x0000029287b0058c sp=0x000000e3878fc800
Event: 25.998 Thread 0x00000292f5c34800 DEOPT UNPACKING pc=0x000002928004a1af sp=0x000000e3878fc780 mode 2
Event: 26.000 Thread 0x00000292f5c34800 Uncommon trap: trap_request=0xffffff4d fr.pc=0x0000029287af48e4 relative=0x0000000000000524
Event: 26.000 Thread 0x00000292f5c34800 Uncommon trap: reason=unstable_if action=reinterpret pc=0x0000029287af48e4 method=java.lang.AbstractStringBuilder.append(Ljava/lang/String;)Ljava/lang/AbstractStringBuilder; @ 1 c2
Event: 26.000 Thread 0x00000292f5c34800 DEOPT PACKING pc=0x0000029287af48e4 sp=0x000000e3878fc7a0
Event: 26.000 Thread 0x00000292f5c34800 DEOPT UNPACKING pc=0x000002928004a1af sp=0x000000e3878fc788 mode 2

Classes redefined (0 events):
No events

Internal exceptions (14 events):
Event: 3.047 Thread 0x00000292f5c34800 Exception <a 'java/lang/NoSuchMethodError'{0x0000000089a89528}: 'int java.lang.invoke.DirectMethodHandle$Holder.invokeSpecialIFC(java.lang.Object, java.lang.Object, int)'> (0x0000000089a89528) thrown at [./src/hotspot/share/interpreter/linkResolver.cpp, line 773]
Event: 4.008 Thread 0x00000292f5c34800 Exception <a 'java/lang/NoSuchMethodError'{0x000000008980f0e0}: 'int java.lang.invoke.DirectMethodHandle$Holder.invokeStaticInit(java.lang.Object, java.lang.Object)'> (0x000000008980f0e0) thrown at [./src/hotspot/share/interpreter/linkResolver.cpp, line 773]
Event: 6.452 Thread 0x00000292f5c34800 Exception <a 'java/lang/NoSuchMethodError'{0x00000000898da0e0}: 'int java.lang.invoke.DirectMethodHandle$Holder.invokeSpecial(java.lang.Object, java.lang.Object, java.lang.Object, java.lang.Object)'> (0x00000000898da0e0) thrown at [./src/hotspot/share/interpreter/linkResolver.cpp, line 773]
Event: 15.081 Thread 0x00000292f5c34800 Implicit null exception at 0x0000029287b00b75 to 0x0000029287b00d44
Event: 15.278 Thread 0x00000292f5c34800 Exception <a 'java/lang/NoClassDefFoundError'{0x00000000893a5f30}: org/slf4j/impl/StaticMarkerBinder> (0x00000000893a5f30) thrown at [./src/hotspot/share/classfile/systemDictionary.cpp, line 220]
Event: 15.365 Thread 0x00000292f5c34800 Exception <a 'java/lang/NoSuchMethodError'{0x0000000089294a50}: 'java.lang.Object java.lang.invoke.DirectMethodHandle$Holder.invokeVirtual(java.lang.Object, java.lang.Object, java.lang.Object, java.lang.Object, java.lang.Object, java.lang.Object, java.lang.Object)'> (0x0000000089294a50) thrown at [./src/hotspot/share/interpreter/linkResolver.cpp, line 773]
Event: 15.376 Thread 0x00000292f5c34800 Exception <a 'java/lang/NoSuchMethodError'{0x00000000892a8b20}: 'java.lang.Object java.lang.invoke.Invokers$Holder.invoker(java.lang.Object, java.lang.Object, java.lang.Object)'> (0x00000000892a8b20) thrown at [./src/hotspot/share/interpreter/linkResolver.cpp, line 773]
Event: 15.382 Thread 0x00000292f5c34800 Exception <a 'java/lang/NoSuchMethodError'{0x00000000892b97a0}: 'void java.lang.invoke.DelegatingMethodHandle$Holder.delegate(java.lang.Object, java.lang.Object, int, java.lang.Object)'> (0x00000000892b97a0) thrown at [./src/hotspot/share/interpreter/linkResolver.cpp, line 773]
Event: 18.572 Thread 0x00000292f5c34800 Exception <a 'java/lang/NoSuchMethodError'{0x00000000898a6ae8}: 'java.lang.Object java.lang.invoke.DirectMethodHandle$Holder.invokeInterface(java.lang.Object, java.lang.Object, java.lang.Object)'> (0x00000000898a6ae8) thrown at [./src/hotspot/share/interpreter/linkResolver.cpp, line 773]
Event: 19.077 Thread 0x00000292f5c34800 Exception <a 'java/lang/NoSuchMethodError'{0x00000000895347b8}: 'java.lang.Object java.lang.invoke.DirectMethodHandle$Holder.invokeStaticInit(java.lang.Object, java.lang.Object, java.lang.Object)'> (0x00000000895347b8) thrown at [./src/hotspot/share/interpreter/linkResolver.cpp, line 773]
Event: 19.814 Thread 0x00000292f5c34800 Exception <a 'java/lang/NoSuchMethodError'{0x00000000891fa100}: 'java.lang.Object java.lang.invoke.DirectMethodHandle$Holder.invokeStaticInit(java.lang.Object, int, int, int, int)'> (0x00000000891fa100) thrown at [./src/hotspot/share/interpreter/linkResolver.cpp, line 773]
Event: 23.575 Thread 0x00000292f5c34800 Exception <a 'java/lang/NoSuchMethodError'{0x000000008905f1f8}: 'java.lang.Object java.lang.invoke.DirectMethodHandle$Holder.invokeStaticInit(java.lang.Object, java.lang.Object, int, int, int, int)'> (0x000000008905f1f8) thrown at [./src/hotspot/share/interpreter/linkResolver.cpp, line 773]
Event: 25.998 Thread 0x00000292f5c34800 Implicit null exception at 0x0000029287b00074 to 0x0000029287b00574
Event: 26.000 Thread 0x00000292f5c34800 Implicit null exception at 0x0000029287af43f4 to 0x0000029287af48cc

Events (20 events):
Event: 59.699 loading class jdk/internal/reflect/Label
Event: 59.700 loading class jdk/internal/reflect/Label done
Event: 59.701 loading class jdk/internal/reflect/Label$PatchInfo
Event: 59.702 loading class jdk/internal/reflect/Label$PatchInfo done
Event: 59.706 loading class jdk/internal/reflect/MethodAccessorGenerator$1
Event: 59.707 loading class jdk/internal/reflect/MethodAccessorGenerator$1 done
Event: 59.719 loading class jdk/internal/reflect/ClassDefiner
Event: 59.720 loading class jdk/internal/reflect/ClassDefiner done
Event: 59.720 loading class jdk/internal/reflect/ClassDefiner$1
Event: 59.725 loading class jdk/internal/reflect/ClassDefiner$1 done
Event: 103.192 loading class com/google/common/collect/CollectPreconditions
Event: 103.193 loading class com/google/common/collect/CollectPreconditions done
Event: 103.359 loading class org/gradle/internal/logging/events/StyledTextOutputEvent$Span
Event: 103.359 loading class org/gradle/internal/logging/events/StyledTextOutputEvent$Span done
Event: 103.379 loading class org/gradle/internal/logging/events/operations/StyledTextBuildOperationProgressDetails$Span
Event: 103.379 loading class org/gradle/internal/logging/events/operations/StyledTextBuildOperationProgressDetails$Span done
Event: 103.385 loading class org/gradle/internal/operations/logging/StyledTextBuildOperationProgressDetails$Span
Event: 103.385 loading class org/gradle/internal/operations/logging/StyledTextBuildOperationProgressDetails$Span done
Event: 103.512 loading class org/gradle/internal/logging/text/AbstractLineChoppingStyledTextOutput$StateContext
Event: 103.512 loading class org/gradle/internal/logging/text/AbstractLineChoppingStyledTextOutput$StateContext done


Dynamic libraries:
0x00007ff63bcd0000 - 0x00007ff63bcda000 	H:\Andriod studio\jre\bin\java.exe
0x00007ffada690000 - 0x00007ffada888000 	C:\WINDOWS\SYSTEM32\ntdll.dll
0x00007ffad03b0000 - 0x00007ffad03c7000 	C:\Program Files\Avast Software\Avast\aswhook.dll
0x00007ffada300000 - 0x00007ffada3bf000 	C:\WINDOWS\System32\KERNEL32.DLL
0x00007ffad8000000 - 0x00007ffad82d2000 	C:\WINDOWS\System32\KERNELBASE.dll
0x00007ffad8490000 - 0x00007ffad8590000 	C:\WINDOWS\System32\ucrtbase.dll
0x00007fface020000 - 0x00007fface039000 	H:\Andriod studio\jre\bin\jli.dll
0x00007ffad8c10000 - 0x00007ffad8db1000 	C:\WINDOWS\System32\USER32.dll
0x00007ffad8590000 - 0x00007ffad85b2000 	C:\WINDOWS\System32\win32u.dll
0x00007ffad8be0000 - 0x00007ffad8c0b000 	C:\WINDOWS\System32\GDI32.dll
0x00007ffad7ef0000 - 0x00007ffad7fff000 	C:\WINDOWS\System32\gdi32full.dll
0x00007ffad8630000 - 0x00007ffad86cd000 	C:\WINDOWS\System32\msvcp_win.dll
0x00007ffacc7d0000 - 0x00007ffacc7e7000 	H:\Andriod studio\jre\bin\VCRUNTIME140.dll
0x00007ffab5870000 - 0x00007ffab5b0a000 	C:\WINDOWS\WinSxS\amd64_microsoft.windows.common-controls_6595b64144ccf1df_6.0.19041.1110_none_60b5254171f9507e\COMCTL32.dll
0x00007ffad8dc0000 - 0x00007ffad8e5e000 	C:\WINDOWS\System32\msvcrt.dll
0x00007ffada610000 - 0x00007ffada642000 	C:\WINDOWS\System32\IMM32.DLL
0x00007ffa9ec10000 - 0x00007ffa9ecad000 	H:\Andriod studio\jre\bin\msvcp140.dll
0x00007ffa7a910000 - 0x00007ffa7b3f5000 	H:\Andriod studio\jre\bin\server\jvm.dll
0x00007ffada490000 - 0x00007ffada53e000 	C:\WINDOWS\System32\ADVAPI32.dll
0x00007ffad9690000 - 0x00007ffad972c000 	C:\WINDOWS\System32\sechost.dll
0x00007ffad8730000 - 0x00007ffad8855000 	C:\WINDOWS\System32\RPCRT4.dll
0x00007ffada290000 - 0x00007ffada298000 	C:\WINDOWS\System32\PSAPI.DLL
0x00007ffac9410000 - 0x00007ffac9419000 	C:\WINDOWS\SYSTEM32\WSOCK32.dll
0x00007ffada540000 - 0x00007ffada5ab000 	C:\WINDOWS\System32\WS2_32.dll
0x00007ffacf610000 - 0x00007ffacf637000 	C:\WINDOWS\SYSTEM32\WINMM.dll
0x00007ffacda00000 - 0x00007ffacda0a000 	C:\WINDOWS\SYSTEM32\VERSION.dll
0x00007ffad6870000 - 0x00007ffad6882000 	C:\WINDOWS\SYSTEM32\kernel.appcore.dll
0x00007ffacc6c0000 - 0x00007ffacc6d1000 	H:\Andriod studio\jre\bin\verify.dll
0x00007ffad63b0000 - 0x00007ffad6594000 	C:\WINDOWS\SYSTEM32\DBGHELP.DLL
0x00007ffacd9c0000 - 0x00007ffacd9f5000 	C:\WINDOWS\SYSTEM32\dbgcore.DLL
0x00007ffad7e60000 - 0x00007ffad7ee2000 	C:\WINDOWS\System32\bcryptPrimitives.dll
0x00007ffab8bd0000 - 0x00007ffab8bf9000 	H:\Andriod studio\jre\bin\java.dll
0x00007fface7b0000 - 0x00007fface7bb000 	H:\Andriod studio\jre\bin\jimage.dll
0x00007ffacc600000 - 0x00007ffacc618000 	H:\Andriod studio\jre\bin\zip.dll
0x00007ffad9a10000 - 0x00007ffada154000 	C:\WINDOWS\System32\SHELL32.dll
0x00007ffad5b50000 - 0x00007ffad62e2000 	C:\WINDOWS\SYSTEM32\windows.storage.dll
0x00007ffad8860000 - 0x00007ffad8bb5000 	C:\WINDOWS\System32\combase.dll
0x00007ffad7700000 - 0x00007ffad7730000 	C:\WINDOWS\SYSTEM32\Wldp.dll
0x00007ffad97c0000 - 0x00007ffad986d000 	C:\WINDOWS\System32\SHCORE.dll
0x00007ffada5b0000 - 0x00007ffada605000 	C:\WINDOWS\System32\shlwapi.dll
0x00007ffad7cc0000 - 0x00007ffad7cdf000 	C:\WINDOWS\SYSTEM32\profapi.dll
0x00007ffac0e10000 - 0x00007ffac0e2a000 	H:\Andriod studio\jre\bin\net.dll
0x00007ffacbd30000 - 0x00007ffacbe3c000 	C:\WINDOWS\SYSTEM32\WINHTTP.dll
0x00007ffad7460000 - 0x00007ffad74ca000 	C:\WINDOWS\system32\mswsock.dll
0x00007ffac0b40000 - 0x00007ffac0b54000 	H:\Andriod studio\jre\bin\nio.dll
0x00007ffab45e0000 - 0x00007ffab4607000 	C:\Users\A.B.S.R\.gradle\native\e1d6ef7f7dcc3fd88c89a11ec53ec762bb8ba0a96d01ffa2cd45eb1d1d8dd5c5\windows-amd64\native-platform.dll
0x00007fface760000 - 0x00007fface76a000 	H:\Andriod studio\jre\bin\management.dll
0x00007fface670000 - 0x00007fface67d000 	H:\Andriod studio\jre\bin\management_ext.dll
0x00007ffad7650000 - 0x00007ffad7668000 	C:\WINDOWS\SYSTEM32\CRYPTSP.dll
0x00007ffad6d80000 - 0x00007ffad6db4000 	C:\WINDOWS\system32\rsaenh.dll
0x00007ffad7e30000 - 0x00007ffad7e57000 	C:\WINDOWS\System32\bcrypt.dll
0x00007ffad7c40000 - 0x00007ffad7c6e000 	C:\WINDOWS\SYSTEM32\USERENV.dll
0x00007ffad7670000 - 0x00007ffad767c000 	C:\WINDOWS\SYSTEM32\CRYPTBASE.dll
0x00007ffad7150000 - 0x00007ffad718b000 	C:\WINDOWS\SYSTEM32\IPHLPAPI.DLL
0x00007ffad9730000 - 0x00007ffad9738000 	C:\WINDOWS\System32\NSI.dll
0x00007ffacbf40000 - 0x00007ffacbf57000 	C:\WINDOWS\SYSTEM32\dhcpcsvc6.DLL
0x00007ffacc350000 - 0x00007ffacc36d000 	C:\WINDOWS\SYSTEM32\dhcpcsvc.DLL
0x00007ffad7190000 - 0x00007ffad725a000 	C:\WINDOWS\SYSTEM32\DNSAPI.dll

dbghelp: loaded successfully - version: 4.0.5 - missing functions: none
symbol engine: initialized successfully - sym options: 0x614 - pdb path: .;H:\Andriod studio\jre\bin;C:\WINDOWS\SYSTEM32;C:\Program Files\Avast Software\Avast;C:\WINDOWS\WinSxS\amd64_microsoft.windows.common-controls_6595b64144ccf1df_6.0.19041.1110_none_60b5254171f9507e;H:\Andriod studio\jre\bin\server;C:\Users\A.B.S.R\.gradle\native\e1d6ef7f7dcc3fd88c89a11ec53ec762bb8ba0a96d01ffa2cd45eb1d1d8dd5c5\windows-amd64

VM Arguments:
jvm_args: -Dorg.gradle.appname=gradlew 
java_command: org.gradle.wrapper.GradleWrapperMain -q -Ptarget-platform=android-x86 -Ptarget=H:\Flutter Apps Project\shop_app\lib\main.dart -Pbase-application-name=android.app.Application -Pdart-defines=RkxVVFRFUl9XRUJfQVVUT19ERVRFQ1Q9dHJ1ZQ== -Pdart-obfuscation=false -Ptrack-widget-creation=true -Ptree-shake-icons=false -Pfilesystem-scheme=org-dartlang-root assembleDebug
java_class_path (initial): H:\Flutter Apps Project\shop_app\android\\gradle\wrapper\gradle-wrapper.jar
Launcher Type: SUN_STANDARD

[Global flags]
     intx CICompilerCount                          = 3                                         {product} {ergonomic}
     uint ConcGCThreads                            = 1                                         {product} {ergonomic}
     uint G1ConcRefinementThreads                  = 4                                         {product} {ergonomic}
   size_t G1HeapRegionSize                         = 1048576                                   {product} {ergonomic}
    uintx GCDrainStackTargetSize                   = 64                                        {product} {ergonomic}
   size_t InitialHeapSize                          = 134217728                                 {product} {ergonomic}
   size_t MarkStackSize                            = 4194304                                   {product} {ergonomic}
   size_t MaxHeapSize                              = 2118123520                                {product} {ergonomic}
   size_t MaxNewSize                               = 1270874112                                {product} {ergonomic}
   size_t MinHeapDeltaBytes                        = 1048576                                   {product} {ergonomic}
    uintx NonNMethodCodeHeapSize                   = 5830732                                {pd product} {ergonomic}
    uintx NonProfiledCodeHeapSize                  = 122913754                              {pd product} {ergonomic}
    uintx ProfiledCodeHeapSize                     = 122913754                              {pd product} {ergonomic}
    uintx ReservedCodeCacheSize                    = 251658240                              {pd product} {ergonomic}
     bool SegmentedCodeCache                       = true                                      {product} {ergonomic}
     bool UseCompressedClassPointers               = true                                 {lp64_product} {ergonomic}
     bool UseCompressedOops                        = true                                 {lp64_product} {ergonomic}
     bool UseG1GC                                  = true                                      {product} {ergonomic}
     bool UseLargePagesIndividualAllocation        = false                                  {pd product} {ergonomic}

Logging:
Log output configuration:
 #0: stdout all=warning uptime,level,tags
 #1: stderr all=off uptime,level,tags

Environment Variables:
JAVA_HOME=H:\Andriod studio\jre
CLASSPATH=H:\Flutter Apps Project\shop_app\android\\gradle\wrapper\gradle-wrapper.jar
PATH=C:\Program Files\Common Files\Oracle\Java\javapath;C:\WINDOWS\system32;C:\WINDOWS;C:\WINDOWS\System32\Wbem;C:\WINDOWS\System32\WindowsPowerShell\v1.0\;C:\WINDOWS\System32\OpenSSH\;C:\Users\A.B.S.R\AppData\Local\Programs\Python\Python38;C:\Program Files\Git\cmd;C:\Program Files\Git\mingw64\bin;C:\Program Files\Git\usr\bin;H:\JAVA\bin;C:\Users\A.B.S.R\AppData\Local\Programs\Python\Python38\Scripts\;C:\Users\A.B.S.R\AppData\Local\Programs\Python\Python38\;C:\Users\A.B.S.R\AppData\Local\Microsoft\WindowsApps;C:\Users\A.B.S.R\AppData\Local\Programs\Python\Python38;C:\Users\A.B.S.R\AppData\Local\Programs\Microsoft VS Code\bin;H:\Flutter Dev\flutter\bin;H:\JAVA\bin;;H:\Flutter Dev\flutter\bin\mingit\cmd
USERNAME=A.B.S.R
OS=Windows_NT
PROCESSOR_IDENTIFIER=Intel64 Family 6 Model 78 Stepping 3, GenuineIntel



---------------  S Y S T E M  ---------------

OS: Windows 10 , 64 bit Build 19041 (10.0.19041.2364)
OS uptime: 13 days 7:13 hours

CPU:total 4 (initial active 4) (2 cores per cpu, 2 threads per core) family 6 model 78 stepping 3 microcode 0xcc, cmov, cx8, fxsr, mmx, sse, sse2, sse3, ssse3, sse4.1, sse4.2, popcnt, avx, avx2, aes, clmul, erms, rtm, 3dnowpref, lzcnt, ht, tsc, tscinvbit, bmi1, bmi2, adx, fma

Memory: 4k page, system-wide physical 8072M (231M free)
TotalPageFile size 20789M (AvailPageFile size 1M)
current process WorkingSet (physical memory assigned to process): 16M, peak: 65M
current process commit charge ("private bytes"): 216M, peak: 218M

vm_info: OpenJDK 64-Bit Server VM (11.0.12+7-b1504.28-7817840) for windows-amd64 JRE (11.0.12+7-b1504.28-7817840), built on Oct 13 2021 22:12:33 by "builder" with MS VC++ 14.0 (VS2015)

END.
