#
# There is insufficient memory for the Java Runtime Environment to continue.
# Native memory allocation (malloc) failed to allocate 143216 bytes for Chunk::new
# Possible reasons:
#   The system is out of physical RAM or swap space
#   The process is running with CompressedOops enabled, and the Java Heap may be blocking the growth of the native heap
# Possible solutions:
#   Reduce memory load on the system
#   Increase physical memory or swap space
#   Check if swap backing store is full
#   Decrease Java heap size (-Xmx/-Xms)
#   Decrease number of Java threads
#   Decrease Java thread stack sizes (-Xss)
#   Set larger code cache with -XX:ReservedCodeCacheSize=
#   JVM is running with Unscaled Compressed Oops mode in which the Java heap is
#     placed in the first 4GB address space. The Java Heap base address is the
#     maximum limit for the native heap growth. Please use -XX:HeapBaseMinAddress
#     to set the Java Heap base and to place the Java Heap above 4GB virtual address.
# This output file may be truncated or incomplete.
#
#  Out of Memory Error (./src/hotspot/share/memory/arena.cpp:197), pid=20820, tid=14128
#
# JRE version: OpenJDK Runtime Environment (11.0.12+7) (build 11.0.12+7-b1504.28-7817840)
# Java VM: OpenJDK 64-Bit Server VM (11.0.12+7-b1504.28-7817840, mixed mode, tiered, compressed oops, g1 gc, windows-amd64)
# No core dump will be written. Minidumps are not enabled by default on client versions of Windows
#

---------------  S U M M A R Y ------------

Command Line: --add-opens=java.base/java.util=ALL-UNNAMED --add-opens=java.base/java.lang=ALL-UNNAMED --add-opens=java.base/java.lang.invoke=ALL-UNNAMED --add-opens=java.base/java.util=ALL-UNNAMED --add-opens=java.prefs/java.util.prefs=ALL-UNNAMED --add-opens=java.prefs/java.util.prefs=ALL-UNNAMED --add-opens=java.base/java.nio.charset=ALL-UNNAMED --add-opens=java.base/java.net=ALL-UNNAMED --add-opens=java.base/java.util.concurrent.atomic=ALL-UNNAMED -Xmx1536M -Dfile.encoding=windows-1252 -Duser.country=US -Duser.language=en -Duser.variant org.gradle.launcher.daemon.bootstrap.GradleDaemon 7.4

Host: Intel(R) Core(TM) i5-6300U CPU @ 2.40GHz, 4 cores, 7G,  Windows 10 , 64 bit Build 19041 (10.0.19041.2364)
Time: Wed Feb  1 19:10:19 2023 Bangladesh Standard Time elapsed time: 119.673830 seconds (0d 0h 1m 59s)

---------------  T H R E A D  ---------------

Current thread (0x00000292cf6b2800):  JavaThread "C2 CompilerThread0" daemon [_thread_in_native, id=14128, stack(0x000000bf65d00000,0x000000bf65e00000)]


Current CompileTask:
C2: 119674 9255       4       org.gradle.internal.logging.text.AbstractLineChoppingStyledTextOutput$1::execute (9 bytes)

Stack: [0x000000bf65d00000,0x000000bf65e00000]
Native frames: (J=compiled Java code, j=interpreted, Vv=VM code, C=native code)
V  [jvm.dll+0x5fbcea]
V  [jvm.dll+0x731905]
V  [jvm.dll+0x732f1d]
V  [jvm.dll+0x7335d3]
V  [jvm.dll+0x247bf8]
V  [jvm.dll+0xc018c]
V  [jvm.dll+0xc06cc]
V  [jvm.dll+0x35b31d]
V  [jvm.dll+0x328803]
V  [jvm.dll+0x327cfa]
V  [jvm.dll+0x200602]
V  [jvm.dll+0x1ff794]
V  [jvm.dll+0x18868c]
V  [jvm.dll+0x20e0d7]
V  [jvm.dll+0x20c901]
V  [jvm.dll+0x6f9b7f]
V  [jvm.dll+0x6f26a5]
V  [jvm.dll+0x5fabf6]
C  [ucrtbase.dll+0x21bb2]
C  [KERNEL32.DLL+0x17614]
C  [ntdll.dll+0x526a1]


---------------  P R O C E S S  ---------------

Threads class SMR info:
_java_thread_list=0x00000292d6563210, length=87, elements={
0x00000292b6d92000, 0x00000292cf685000, 0x00000292cf686000, 0x00000292cf6a4800,
0x00000292cf6a5000, 0x00000292cf6a8800, 0x00000292cf6b2800, 0x00000292cf6c2800,
0x00000292d003d000, 0x00000292d0164000, 0x00000292d0165000, 0x00000292d0165800,
0x00000292d0166800, 0x00000292d0167800, 0x00000292d0168000, 0x00000292d0163800,
0x00000292d0162800, 0x00000292d0169000, 0x00000292d12e3800, 0x00000292d12e5000,
0x00000292d12e2000, 0x00000292d12e1000, 0x00000292d12e2800, 0x00000292d12e7000,
0x00000292d12e4800, 0x00000292d12e8800, 0x00000292d12eb000, 0x00000292d12e7800,
0x00000292d12ea000, 0x00000292d12e6000, 0x00000292d12ee000, 0x00000292d12ef000,
0x00000292d12eb800, 0x00000292d12f0000, 0x00000292d2746000, 0x00000292d2743800,
0x00000292d2744800, 0x00000292d2745800, 0x00000292d2747000, 0x00000292d2741000,
0x00000292d2748000, 0x00000292d2742000, 0x00000292d2748800, 0x00000292d2743000,
0x00000292d274c800, 0x00000292d274f000, 0x00000292d2749800, 0x00000292d2750000,
0x00000292d274b000, 0x00000292d274d800, 0x00000292d274c000, 0x00000292d274e800,
0x00000292d274a000, 0x00000292d44de800, 0x00000292d44e4000, 0x00000292d44e2800,
0x00000292d44e5000, 0x00000292d44e3800, 0x00000292d44e1800, 0x00000292d44e0000,
0x00000292d44df800, 0x00000292d44e6000, 0x00000292d44e6800, 0x00000292d44e1000,
0x00000292d44ea800, 0x00000292d44ec800, 0x00000292d44ea000, 0x00000292d44eb800,
0x00000292d44ed000, 0x00000292d44e7800, 0x00000292d44e8000, 0x00000292d44e9000,
0x00000292d2c1b800, 0x00000292d2c1d800, 0x00000292d2c21000, 0x00000292d2c1f800,
0x00000292d2c1c000, 0x00000292d2c20000, 0x00000292d2c22000, 0x00000292d2c1d000,
0x00000292d2c23800, 0x00000292d2c24000, 0x00000292d2c1e800, 0x00000292d2c27800,
0x00000292d2c2a000, 0x00000292d2c28800, 0x00000292d2c25000
}

Java Threads: ( => current thread )
  0x00000292b6d92000 JavaThread "main" [_thread_blocked, id=21004, stack(0x000000bf65100000,0x000000bf65200000)]
  0x00000292cf685000 JavaThread "Reference Handler" daemon [_thread_blocked, id=20660, stack(0x000000bf65800000,0x000000bf65900000)]
  0x00000292cf686000 JavaThread "Finalizer" daemon [_thread_blocked, id=6544, stack(0x000000bf65900000,0x000000bf65a00000)]
  0x00000292cf6a4800 JavaThread "Signal Dispatcher" daemon [_thread_blocked, id=2456, stack(0x000000bf65a00000,0x000000bf65b00000)]
  0x00000292cf6a5000 JavaThread "Attach Listener" daemon [_thread_blocked, id=16500, stack(0x000000bf65b00000,0x000000bf65c00000)]
  0x00000292cf6a8800 JavaThread "Service Thread" daemon [_thread_blocked, id=19824, stack(0x000000bf65c00000,0x000000bf65d00000)]
=>0x00000292cf6b2800 JavaThread "C2 CompilerThread0" daemon [_thread_in_native, id=14128, stack(0x000000bf65d00000,0x000000bf65e00000)]
  0x00000292cf6c2800 JavaThread "C1 CompilerThread0" daemon [_thread_blocked, id=21376, stack(0x000000bf65e00000,0x000000bf65f00000)]
  0x00000292d003d000 JavaThread "Sweeper thread" daemon [_thread_blocked, id=20900, stack(0x000000bf65f00000,0x000000bf66000000)]
  0x00000292d0164000 JavaThread "Common-Cleaner" daemon [_thread_blocked, id=19972, stack(0x000000bf66000000,0x000000bf66100000)]
  0x00000292d0165000 JavaThread "Daemon health stats" [_thread_blocked, id=20764, stack(0x000000bf66400000,0x000000bf66500000)]
  0x00000292d0165800 JavaThread "Incoming local TCP Connector on port 14008" [_thread_in_native, id=4644, stack(0x000000bf66500000,0x000000bf66600000)]
  0x00000292d0166800 JavaThread "Daemon periodic checks" [_thread_blocked, id=18808, stack(0x000000bf66600000,0x000000bf66700000)]
  0x00000292d0167800 JavaThread "Daemon" [_thread_blocked, id=15376, stack(0x000000bf66700000,0x000000bf66800000)]
  0x00000292d0168000 JavaThread "Handler for socket connection from /127.0.0.1:14008 to /127.0.0.1:14009" [_thread_in_native, id=11744, stack(0x000000bf66800000,0x000000bf66900000)]
  0x00000292d0163800 JavaThread "Cancel handler" [_thread_blocked, id=18132, stack(0x000000bf66900000,0x000000bf66a00000)]
  0x00000292d0162800 JavaThread "Daemon worker" [_thread_blocked, id=16732, stack(0x000000bf66a00000,0x000000bf66b00000)]
  0x00000292d0169000 JavaThread "Asynchronous log dispatcher for DefaultDaemonConnection: socket connection from /127.0.0.1:14008 to /127.0.0.1:14009" [_thread_blocked, id=17260, stack(0x000000bf66b00000,0x000000bf66c00000)]
  0x00000292d12e3800 JavaThread "Stdin handler" [_thread_blocked, id=18240, stack(0x000000bf66c00000,0x000000bf66d00000)]
  0x00000292d12e5000 JavaThread "Daemon client event forwarder" [_thread_blocked, id=12744, stack(0x000000bf66d00000,0x000000bf66e00000)]
  0x00000292d12e2000 JavaThread "Cache worker for journal cache (C:\Users\A.B.S.R\.gradle\caches\journal-1)" [_thread_blocked, id=13052, stack(0x000000bf66f00000,0x000000bf67000000)]
  0x00000292d12e1000 JavaThread "File lock request listener" [_thread_in_native, id=1512, stack(0x000000bf67000000,0x000000bf67100000)]
  0x00000292d12e2800 JavaThread "Cache worker for file hash cache (C:\Users\A.B.S.R\.gradle\caches\7.4\fileHashes)" [_thread_blocked, id=22064, stack(0x000000bf67100000,0x000000bf67200000)]
  0x00000292d12e7000 JavaThread "File watcher server" daemon [_thread_in_native, id=16492, stack(0x000000bf67200000,0x000000bf67300000)]
  0x00000292d12e4800 JavaThread "File watcher consumer" daemon [_thread_blocked, id=5064, stack(0x000000bf67300000,0x000000bf67400000)]
  0x00000292d12e8800 JavaThread "Cache worker for checksums cache (H:\Flutter Apps Project\shop_app\android\.gradle\7.4\checksums)" [_thread_blocked, id=19072, stack(0x000000bf67400000,0x000000bf67500000)]
  0x00000292d12eb000 JavaThread "Cache worker for cache directory md-rule (C:\Users\A.B.S.R\.gradle\caches\7.4\md-rule)" [_thread_blocked, id=10892, stack(0x000000bf67500000,0x000000bf67600000)]
  0x00000292d12e7800 JavaThread "Cache worker for file hash cache (H:\Flutter Apps Project\shop_app\android\.gradle\7.4\fileHashes)" [_thread_blocked, id=22148, stack(0x000000bf67600000,0x000000bf67700000)]
  0x00000292d12ea000 JavaThread "Cache worker for cache directory md-supplier (C:\Users\A.B.S.R\.gradle\caches\7.4\md-supplier)" [_thread_blocked, id=15960, stack(0x000000bf67700000,0x000000bf67800000)]
  0x00000292d12e6000 JavaThread "Cache worker for execution history cache (C:\Users\A.B.S.R\.gradle\caches\7.4\executionHistory)" [_thread_blocked, id=3280, stack(0x000000bf67800000,0x000000bf67900000)]
  0x00000292d12ee000 JavaThread "jar transforms" [_thread_blocked, id=11844, stack(0x000000bf67900000,0x000000bf67a00000)]
  0x00000292d12ef000 JavaThread "jar transforms Thread 2" [_thread_blocked, id=20160, stack(0x000000bf67a00000,0x000000bf67b00000)]
  0x00000292d12eb800 JavaThread "Cache worker for file content cache (C:\Users\A.B.S.R\.gradle\caches\7.4\fileContent)" [_thread_blocked, id=21264, stack(0x000000bf67b00000,0x000000bf67c00000)]
  0x00000292d12f0000 JavaThread "jar transforms Thread 3" [_thread_blocked, id=21516, stack(0x000000bf67c00000,0x000000bf67d00000)]
  0x00000292d2746000 JavaThread "jar transforms Thread 4" [_thread_blocked, id=16780, stack(0x000000bf67d00000,0x000000bf67e00000)]
  0x00000292d2743800 JavaThread "Cache worker for dependencies-accessors (H:\Flutter Apps Project\shop_app\android\.gradle\7.4\dependencies-accessors)" [_thread_blocked, id=9936, stack(0x000000bf67e00000,0x000000bf67f00000)]
  0x00000292d2744800 JavaThread "Cache worker for Build Output Cleanup Cache (H:\Flutter Apps Project\shop_app\android\.gradle\buildOutputCleanup)" [_thread_blocked, id=13444, stack(0x000000bf67f00000,0x000000bf68000000)]
  0x00000292d2745800 JavaThread "Unconstrained build operations" [_thread_blocked, id=22472, stack(0x000000bf68000000,0x000000bf68100000)]
  0x00000292d2747000 JavaThread "Unconstrained build operations Thread 2" [_thread_blocked, id=19304, stack(0x000000bf68100000,0x000000bf68200000)]
  0x00000292d2741000 JavaThread "Unconstrained build operations Thread 3" [_thread_blocked, id=20196, stack(0x000000bf68200000,0x000000bf68300000)]
  0x00000292d2748000 JavaThread "Unconstrained build operations Thread 4" [_thread_blocked, id=10548, stack(0x000000bf68300000,0x000000bf68400000)]
  0x00000292d2742000 JavaThread "Unconstrained build operations Thread 5" [_thread_blocked, id=22036, stack(0x000000bf68400000,0x000000bf68500000)]
  0x00000292d2748800 JavaThread "Unconstrained build operations Thread 6" [_thread_blocked, id=11476, stack(0x000000bf68500000,0x000000bf68600000)]
  0x00000292d2743000 JavaThread "Unconstrained build operations Thread 7" [_thread_blocked, id=12888, stack(0x000000bf68600000,0x000000bf68700000)]
  0x00000292d274c800 JavaThread "Unconstrained build operations Thread 8" [_thread_blocked, id=16852, stack(0x000000bf68700000,0x000000bf68800000)]
  0x00000292d274f000 JavaThread "Unconstrained build operations Thread 9" [_thread_blocked, id=3616, stack(0x000000bf68800000,0x000000bf68900000)]
  0x00000292d2749800 JavaThread "Unconstrained build operations Thread 10" [_thread_blocked, id=20668, stack(0x000000bf68900000,0x000000bf68a00000)]
  0x00000292d2750000 JavaThread "Unconstrained build operations Thread 11" [_thread_blocked, id=10736, stack(0x000000bf68a00000,0x000000bf68b00000)]
  0x00000292d274b000 JavaThread "Unconstrained build operations Thread 12" [_thread_blocked, id=21860, stack(0x000000bf68b00000,0x000000bf68c00000)]
  0x00000292d274d800 JavaThread "Unconstrained build operations Thread 13" [_thread_blocked, id=18648, stack(0x000000bf68c00000,0x000000bf68d00000)]
  0x00000292d274c000 JavaThread "Unconstrained build operations Thread 14" [_thread_blocked, id=1372, stack(0x000000bf68d00000,0x000000bf68e00000)]
  0x00000292d274e800 JavaThread "Unconstrained build operations Thread 15" [_thread_blocked, id=18084, stack(0x000000bf68e00000,0x000000bf68f00000)]
  0x00000292d274a000 JavaThread "Unconstrained build operations Thread 16" [_thread_blocked, id=11412, stack(0x000000bf68f00000,0x000000bf69000000)]
  0x00000292d44de800 JavaThread "Unconstrained build operations Thread 17" [_thread_blocked, id=13992, stack(0x000000bf69000000,0x000000bf69100000)]
  0x00000292d44e4000 JavaThread "Unconstrained build operations Thread 18" [_thread_blocked, id=5776, stack(0x000000bf69100000,0x000000bf69200000)]
  0x00000292d44e2800 JavaThread "Unconstrained build operations Thread 19" [_thread_blocked, id=3988, stack(0x000000bf69200000,0x000000bf69300000)]
  0x00000292d44e5000 JavaThread "Unconstrained build operations Thread 20" [_thread_blocked, id=2644, stack(0x000000bf69300000,0x000000bf69400000)]
  0x00000292d44e3800 JavaThread "Unconstrained build operations Thread 21" [_thread_blocked, id=18360, stack(0x000000bf69400000,0x000000bf69500000)]
  0x00000292d44e1800 JavaThread "Unconstrained build operations Thread 22" [_thread_blocked, id=16536, stack(0x000000bf69500000,0x000000bf69600000)]
  0x00000292d44e0000 JavaThread "Unconstrained build operations Thread 23" [_thread_blocked, id=22104, stack(0x000000bf69600000,0x000000bf69700000)]
  0x00000292d44df800 JavaThread "Unconstrained build operations Thread 24" [_thread_blocked, id=11176, stack(0x000000bf69700000,0x000000bf69800000)]
  0x00000292d44e6000 JavaThread "Unconstrained build operations Thread 25" [_thread_blocked, id=9828, stack(0x000000bf69800000,0x000000bf69900000)]
  0x00000292d44e6800 JavaThread "Unconstrained build operations Thread 26" [_thread_blocked, id=5400, stack(0x000000bf69900000,0x000000bf69a00000)]
  0x00000292d44e1000 JavaThread "Unconstrained build operations Thread 27" [_thread_blocked, id=17548, stack(0x000000bf69a00000,0x000000bf69b00000)]
  0x00000292d44ea800 JavaThread "Unconstrained build operations Thread 28" [_thread_blocked, id=22228, stack(0x000000bf69b00000,0x000000bf69c00000)]
  0x00000292d44ec800 JavaThread "Unconstrained build operations Thread 29" [_thread_blocked, id=18676, stack(0x000000bf69c00000,0x000000bf69d00000)]
  0x00000292d44ea000 JavaThread "Unconstrained build operations Thread 30" [_thread_blocked, id=6008, stack(0x000000bf69d00000,0x000000bf69e00000)]
  0x00000292d44eb800 JavaThread "Unconstrained build operations Thread 31" [_thread_blocked, id=22456, stack(0x000000bf69e00000,0x000000bf69f00000)]
  0x00000292d44ed000 JavaThread "Unconstrained build operations Thread 32" [_thread_blocked, id=14316, stack(0x000000bf69f00000,0x000000bf6a000000)]
  0x00000292d44e7800 JavaThread "Unconstrained build operations Thread 33" [_thread_blocked, id=5884, stack(0x000000bf6a000000,0x000000bf6a100000)]
  0x00000292d44e8000 JavaThread "Unconstrained build operations Thread 34" [_thread_blocked, id=20972, stack(0x000000bf6a100000,0x000000bf6a200000)]
  0x00000292d44e9000 JavaThread "Unconstrained build operations Thread 35" [_thread_blocked, id=9208, stack(0x000000bf6a200000,0x000000bf6a300000)]
  0x00000292d2c1b800 JavaThread "Unconstrained build operations Thread 36" [_thread_blocked, id=6276, stack(0x000000bf6a300000,0x000000bf6a400000)]
  0x00000292d2c1d800 JavaThread "Unconstrained build operations Thread 37" [_thread_blocked, id=1284, stack(0x000000bf6a400000,0x000000bf6a500000)]
  0x00000292d2c21000 JavaThread "Unconstrained build operations Thread 38" [_thread_blocked, id=17824, stack(0x000000bf6a500000,0x000000bf6a600000)]
  0x00000292d2c1f800 JavaThread "Unconstrained build operations Thread 39" [_thread_blocked, id=7156, stack(0x000000bf6a600000,0x000000bf6a700000)]
  0x00000292d2c1c000 JavaThread "Unconstrained build operations Thread 40" [_thread_blocked, id=15076, stack(0x000000bf6a700000,0x000000bf6a800000)]
  0x00000292d2c20000 JavaThread "Memory manager" [_thread_blocked, id=22308, stack(0x000000bf6a800000,0x000000bf6a900000)]
  0x00000292d2c22000 JavaThread "build event listener" [_thread_blocked, id=16572, stack(0x000000bf6a900000,0x000000bf6aa00000)]
  0x00000292d2c1d000 JavaThread "included builds" [_thread_blocked, id=17208, stack(0x000000bf64e00000,0x000000bf64f00000)]
  0x00000292d2c23800 JavaThread "Execution worker for ':'" [_thread_blocked, id=16988, stack(0x000000bf6aa00000,0x000000bf6ab00000)]
  0x00000292d2c24000 JavaThread "Execution worker for ':' Thread 2" [_thread_blocked, id=15476, stack(0x000000bf6ab00000,0x000000bf6ac00000)]
  0x00000292d2c1e800 JavaThread "Execution worker for ':' Thread 3" [_thread_blocked, id=2876, stack(0x000000bf6ac00000,0x000000bf6ad00000)]
  0x00000292d2c27800 JavaThread "Cache worker for execution history cache (H:\Flutter Apps Project\shop_app\android\.gradle\7.4\executionHistory)" [_thread_blocked, id=10716, stack(0x000000bf6ad00000,0x000000bf6ae00000)]
  0x00000292d2c2a000 JavaThread "Exec process" [_thread_in_native, id=3584, stack(0x000000bf6ae00000,0x000000bf6af00000)]
  0x00000292d2c28800 JavaThread "Exec process Thread 2" [_thread_in_native, id=22356, stack(0x000000bf6af00000,0x000000bf6b000000)]
  0x00000292d2c25000 JavaThread "Exec process Thread 3" [_thread_in_native, id=20448, stack(0x000000bf6b000000,0x000000bf6b100000)]

Other Threads:
  0x00000292cf65f800 VMThread "VM Thread" [stack: 0x000000bf65700000,0x000000bf65800000] [id=21316]
  0x00000292d017f800 WatcherThread [stack: 0x000000bf66100000,0x000000bf66200000] [id=20624]
  0x00000292b6dac800 GCTaskThread "GC Thread#0" [stack: 0x000000bf65200000,0x000000bf65300000] [id=11724]
  0x00000292d04ef800 GCTaskThread "GC Thread#1" [stack: 0x000000bf66200000,0x000000bf66300000] [id=2964]
  0x00000292d07e8800 GCTaskThread "GC Thread#2" [stack: 0x000000bf66300000,0x000000bf66400000] [id=14956]
  0x00000292d1661000 GCTaskThread "GC Thread#3" [stack: 0x000000bf66e00000,0x000000bf66f00000] [id=20792]
  0x00000292b6dd4000 ConcurrentGCThread "G1 Main Marker" [stack: 0x000000bf65300000,0x000000bf65400000] [id=9156]
  0x00000292b6dd5800 ConcurrentGCThread "G1 Conc#0" [stack: 0x000000bf65400000,0x000000bf65500000] [id=1036]
  0x00000292b6e66800 ConcurrentGCThread "G1 Refine#0" [stack: 0x000000bf65500000,0x000000bf65600000] [id=20088]
  0x00000292b6e68800 ConcurrentGCThread "G1 Young RemSet Sampling" [stack: 0x000000bf65600000,0x000000bf65700000] [id=16900]

Threads with active compile tasks:
C2 CompilerThread0 119760 9255       4       org.gradle.internal.logging.text.AbstractLineChoppingStyledTextOutput$1::execute (9 bytes)

VM state:not at safepoint (normal execution)

VM Mutex/Monitor currently owned by a thread: None

Heap address: 0x00000000a0000000, size: 1536 MB, Compressed Oops mode: 32-bit
Narrow klass base: 0x0000000000000000, Narrow klass shift: 3
Compressed class space size: 1073741824 Address: 0x0000000100000000

Heap:
 garbage-first heap   total 131072K, used 90926K [0x00000000a0000000, 0x0000000100000000)
  region size 1024K, 4 young (4096K), 2 survivors (2048K)
 Metaspace       used 86047K, capacity 88439K, committed 88616K, reserved 1126400K
  class space    used 11389K, capacity 12287K, committed 12288K, reserved 1048576K
Heap Regions: E=young(eden), S=young(survivor), O=old, HS=humongous(starts), HC=humongous(continues), CS=collection set, F=free, A=archive, TAMS=top-at-mark-start (previous, next)
|   0|0x00000000a0000000, 0x00000000a0100000, 0x00000000a0100000|100%|HS|  |TAMS 0x00000000a0100000, 0x00000000a0000000| Complete 
|   1|0x00000000a0100000, 0x00000000a0200000, 0x00000000a0200000|100%|HC|  |TAMS 0x00000000a0200000, 0x00000000a0100000| Complete 
|   2|0x00000000a0200000, 0x00000000a0300000, 0x00000000a0300000|100%|HC|  |TAMS 0x00000000a0300000, 0x00000000a0200000| Complete 
|   3|0x00000000a0300000, 0x00000000a0400000, 0x00000000a0400000|100%| O|  |TAMS 0x00000000a0400000, 0x00000000a0300000| Untracked 
|   4|0x00000000a0400000, 0x00000000a0500000, 0x00000000a0500000|100%| O|  |TAMS 0x00000000a0500000, 0x00000000a0400000| Untracked 
|   5|0x00000000a0500000, 0x00000000a0600000, 0x00000000a0600000|100%| O|  |TAMS 0x00000000a0600000, 0x00000000a0500000| Untracked 
|   6|0x00000000a0600000, 0x00000000a0700000, 0x00000000a0700000|100%| O|  |TAMS 0x00000000a0700000, 0x00000000a0600000| Untracked 
|   7|0x00000000a0700000, 0x00000000a0800000, 0x00000000a0800000|100%| O|  |TAMS 0x00000000a0800000, 0x00000000a0700000| Untracked 
|   8|0x00000000a0800000, 0x00000000a0900000, 0x00000000a0900000|100%| O|  |TAMS 0x00000000a0900000, 0x00000000a0800000| Untracked 
|   9|0x00000000a0900000, 0x00000000a0a00000, 0x00000000a0a00000|100%| O|  |TAMS 0x00000000a0a00000, 0x00000000a0900000| Untracked 
|  10|0x00000000a0a00000, 0x00000000a0b00000, 0x00000000a0b00000|100%| O|  |TAMS 0x00000000a0b00000, 0x00000000a0a00000| Untracked 
|  11|0x00000000a0b00000, 0x00000000a0c00000, 0x00000000a0c00000|100%| O|  |TAMS 0x00000000a0c00000, 0x00000000a0b00000| Untracked 
|  12|0x00000000a0c00000, 0x00000000a0d00000, 0x00000000a0d00000|100%| O|  |TAMS 0x00000000a0d00000, 0x00000000a0c00000| Untracked 
|  13|0x00000000a0d00000, 0x00000000a0e00000, 0x00000000a0e00000|100%| O|  |TAMS 0x00000000a0e00000, 0x00000000a0d00000| Untracked 
|  14|0x00000000a0e00000, 0x00000000a0f00000, 0x00000000a0f00000|100%| O|  |TAMS 0x00000000a0f00000, 0x00000000a0e00000| Untracked 
|  15|0x00000000a0f00000, 0x00000000a1000000, 0x00000000a1000000|100%| O|  |TAMS 0x00000000a1000000, 0x00000000a0f00000| Untracked 
|  16|0x00000000a1000000, 0x00000000a1100000, 0x00000000a1100000|100%| O|  |TAMS 0x00000000a1100000, 0x00000000a1000000| Untracked 
|  17|0x00000000a1100000, 0x00000000a1200000, 0x00000000a1200000|100%|HS|  |TAMS 0x00000000a1200000, 0x00000000a1100000| Complete 
|  18|0x00000000a1200000, 0x00000000a1300000, 0x00000000a1300000|100%| O|  |TAMS 0x00000000a1300000, 0x00000000a1200000| Untracked 
|  19|0x00000000a1300000, 0x00000000a1400000, 0x00000000a1400000|100%| O|  |TAMS 0x00000000a1400000, 0x00000000a1300000| Untracked 
|  20|0x00000000a1400000, 0x00000000a1500000, 0x00000000a1500000|100%| O|  |TAMS 0x00000000a1500000, 0x00000000a1400000| Untracked 
|  21|0x00000000a1500000, 0x00000000a1600000, 0x00000000a1600000|100%| O|  |TAMS 0x00000000a1600000, 0x00000000a1500000| Untracked 
|  22|0x00000000a1600000, 0x00000000a1700000, 0x00000000a1700000|100%| O|  |TAMS 0x00000000a1700000, 0x00000000a1600000| Untracked 
|  23|0x00000000a1700000, 0x00000000a1800000, 0x00000000a1800000|100%| O|  |TAMS 0x00000000a1800000, 0x00000000a1700000| Untracked 
|  24|0x00000000a1800000, 0x00000000a1900000, 0x00000000a1900000|100%| O|  |TAMS 0x00000000a1900000, 0x00000000a1800000| Untracked 
|  25|0x00000000a1900000, 0x00000000a1a00000, 0x00000000a1a00000|100%| O|  |TAMS 0x00000000a1a00000, 0x00000000a1900000| Untracked 
|  26|0x00000000a1a00000, 0x00000000a1b00000, 0x00000000a1b00000|100%| O|  |TAMS 0x00000000a1b00000, 0x00000000a1a00000| Untracked 
|  27|0x00000000a1b00000, 0x00000000a1c00000, 0x00000000a1c00000|100%|HS|  |TAMS 0x00000000a1c00000, 0x00000000a1b00000| Complete 
|  28|0x00000000a1c00000, 0x00000000a1d00000, 0x00000000a1d00000|100%|HS|  |TAMS 0x00000000a1d00000, 0x00000000a1c00000| Complete 
|  29|0x00000000a1d00000, 0x00000000a1e00000, 0x00000000a1e00000|100%|HS|  |TAMS 0x00000000a1e00000, 0x00000000a1d00000| Complete 
|  30|0x00000000a1e00000, 0x00000000a1f00000, 0x00000000a1f00000|100%|HS|  |TAMS 0x00000000a1f00000, 0x00000000a1e00000| Complete 
|  31|0x00000000a1f00000, 0x00000000a2000000, 0x00000000a2000000|100%|HC|  |TAMS 0x00000000a2000000, 0x00000000a1f00000| Complete 
|  32|0x00000000a2000000, 0x00000000a2100000, 0x00000000a2100000|100%|HC|  |TAMS 0x00000000a2100000, 0x00000000a2000000| Complete 
|  33|0x00000000a2100000, 0x00000000a2200000, 0x00000000a2200000|100%|HS|  |TAMS 0x00000000a2200000, 0x00000000a2100000| Complete 
|  34|0x00000000a2200000, 0x00000000a2300000, 0x00000000a2300000|100%|HC|  |TAMS 0x00000000a2300000, 0x00000000a2200000| Complete 
|  35|0x00000000a2300000, 0x00000000a2400000, 0x00000000a2400000|100%| O|  |TAMS 0x00000000a2400000, 0x00000000a2300000| Untracked 
|  36|0x00000000a2400000, 0x00000000a2500000, 0x00000000a2500000|100%| O|  |TAMS 0x00000000a2500000, 0x00000000a2400000| Untracked 
|  37|0x00000000a2500000, 0x00000000a2600000, 0x00000000a2600000|100%| O|  |TAMS 0x00000000a2600000, 0x00000000a2500000| Untracked 
|  38|0x00000000a2600000, 0x00000000a2700000, 0x00000000a2700000|100%| O|  |TAMS 0x00000000a2700000, 0x00000000a2600000| Untracked 
|  39|0x00000000a2700000, 0x00000000a2800000, 0x00000000a2800000|100%| O|  |TAMS 0x00000000a2800000, 0x00000000a2700000| Untracked 
|  40|0x00000000a2800000, 0x00000000a2900000, 0x00000000a2900000|100%| O|  |TAMS 0x00000000a2900000, 0x00000000a2800000| Untracked 
|  41|0x00000000a2900000, 0x00000000a2a00000, 0x00000000a2a00000|100%| O|  |TAMS 0x00000000a2a00000, 0x00000000a2900000| Untracked 
|  42|0x00000000a2a00000, 0x00000000a2b00000, 0x00000000a2b00000|100%| O|  |TAMS 0x00000000a2b00000, 0x00000000a2a00000| Untracked 
|  43|0x00000000a2b00000, 0x00000000a2c00000, 0x00000000a2c00000|100%| O|  |TAMS 0x00000000a2c00000, 0x00000000a2b00000| Untracked 
|  44|0x00000000a2c00000, 0x00000000a2d00000, 0x00000000a2d00000|100%| O|  |TAMS 0x00000000a2d00000, 0x00000000a2c00000| Untracked 
|  45|0x00000000a2d00000, 0x00000000a2e00000, 0x00000000a2e00000|100%| O|  |TAMS 0x00000000a2e00000, 0x00000000a2d00000| Untracked 
|  46|0x00000000a2e00000, 0x00000000a2f00000, 0x00000000a2f00000|100%| O|  |TAMS 0x00000000a2f00000, 0x00000000a2e00000| Untracked 
|  47|0x00000000a2f00000, 0x00000000a3000000, 0x00000000a3000000|100%| O|  |TAMS 0x00000000a3000000, 0x00000000a2f00000| Untracked 
|  48|0x00000000a3000000, 0x00000000a3100000, 0x00000000a3100000|100%| O|  |TAMS 0x00000000a3100000, 0x00000000a3000000| Untracked 
|  49|0x00000000a3100000, 0x00000000a3200000, 0x00000000a3200000|100%|HS|  |TAMS 0x00000000a3200000, 0x00000000a3100000| Complete 
|  50|0x00000000a3200000, 0x00000000a3300000, 0x00000000a3300000|100%| O|  |TAMS 0x00000000a3300000, 0x00000000a3200000| Untracked 
|  51|0x00000000a3300000, 0x00000000a3400000, 0x00000000a3400000|100%| O|  |TAMS 0x00000000a3400000, 0x00000000a3300000| Untracked 
|  52|0x00000000a3400000, 0x00000000a3500000, 0x00000000a3500000|100%| O|  |TAMS 0x00000000a3500000, 0x00000000a3400000| Untracked 
|  53|0x00000000a3500000, 0x00000000a3600000, 0x00000000a3600000|100%| O|  |TAMS 0x00000000a3600000, 0x00000000a3500000| Untracked 
|  54|0x00000000a3600000, 0x00000000a3700000, 0x00000000a3700000|100%| O|  |TAMS 0x00000000a3700000, 0x00000000a3600000| Untracked 
|  55|0x00000000a3700000, 0x00000000a3800000, 0x00000000a3800000|100%|HS|  |TAMS 0x00000000a3800000, 0x00000000a3700000| Complete 
|  56|0x00000000a3800000, 0x00000000a3900000, 0x00000000a3900000|100%|HC|  |TAMS 0x00000000a3900000, 0x00000000a3800000| Complete 
|  57|0x00000000a3900000, 0x00000000a3a00000, 0x00000000a3a00000|100%| O|  |TAMS 0x00000000a3a00000, 0x00000000a3900000| Untracked 
|  58|0x00000000a3a00000, 0x00000000a3b00000, 0x00000000a3b00000|100%| O|  |TAMS 0x00000000a3b00000, 0x00000000a3a00000| Untracked 
|  59|0x00000000a3b00000, 0x00000000a3c00000, 0x00000000a3c00000|100%| O|  |TAMS 0x00000000a3c00000, 0x00000000a3b00000| Untracked 
|  60|0x00000000a3c00000, 0x00000000a3d00000, 0x00000000a3d00000|100%| O|  |TAMS 0x00000000a3d00000, 0x00000000a3c00000| Untracked 
|  61|0x00000000a3d00000, 0x00000000a3e00000, 0x00000000a3e00000|100%| O|  |TAMS 0x00000000a3e00000, 0x00000000a3d00000| Untracked 
|  62|0x00000000a3e00000, 0x00000000a3f00000, 0x00000000a3f00000|100%| O|  |TAMS 0x00000000a3f00000, 0x00000000a3e00000| Untracked 
|  63|0x00000000a3f00000, 0x00000000a4000000, 0x00000000a4000000|100%| O|  |TAMS 0x00000000a4000000, 0x00000000a3f00000| Untracked 
|  64|0x00000000a4000000, 0x00000000a4100000, 0x00000000a4100000|100%| O|  |TAMS 0x00000000a4100000, 0x00000000a4000000| Untracked 
|  65|0x00000000a4100000, 0x00000000a4200000, 0x00000000a4200000|100%| O|  |TAMS 0x00000000a4200000, 0x00000000a4100000| Untracked 
|  66|0x00000000a4200000, 0x00000000a4300000, 0x00000000a4300000|100%| O|  |TAMS 0x00000000a4300000, 0x00000000a4200000| Untracked 
|  67|0x00000000a4300000, 0x00000000a4400000, 0x00000000a4400000|100%| O|  |TAMS 0x00000000a4400000, 0x00000000a4300000| Untracked 
|  68|0x00000000a4400000, 0x00000000a4500000, 0x00000000a4500000|100%| O|  |TAMS 0x00000000a4500000, 0x00000000a4400000| Untracked 
|  69|0x00000000a4500000, 0x00000000a4600000, 0x00000000a4600000|100%| O|  |TAMS 0x00000000a4600000, 0x00000000a4500000| Untracked 
|  70|0x00000000a4600000, 0x00000000a4700000, 0x00000000a4700000|100%| O|  |TAMS 0x00000000a4700000, 0x00000000a4600000| Untracked 
|  71|0x00000000a4700000, 0x00000000a4800000, 0x00000000a4800000|100%| O|  |TAMS 0x00000000a4800000, 0x00000000a4700000| Untracked 
|  72|0x00000000a4800000, 0x00000000a4900000, 0x00000000a4900000|100%| O|  |TAMS 0x00000000a4900000, 0x00000000a4800000| Untracked 
|  73|0x00000000a4900000, 0x00000000a4a00000, 0x00000000a4a00000|100%| O|  |TAMS 0x00000000a4a00000, 0x00000000a4900000| Untracked 
|  74|0x00000000a4a00000, 0x00000000a4b00000, 0x00000000a4b00000|100%| O|  |TAMS 0x00000000a4b00000, 0x00000000a4a00000| Untracked 
|  75|0x00000000a4b00000, 0x00000000a4c00000, 0x00000000a4c00000|100%| O|  |TAMS 0x00000000a4c00000, 0x00000000a4b00000| Untracked 
|  76|0x00000000a4c00000, 0x00000000a4d00000, 0x00000000a4d00000|100%| O|  |TAMS 0x00000000a4d00000, 0x00000000a4c00000| Untracked 
|  77|0x00000000a4d00000, 0x00000000a4e00000, 0x00000000a4e00000|100%| O|  |TAMS 0x00000000a4e00000, 0x00000000a4d00000| Untracked 
|  78|0x00000000a4e00000, 0x00000000a4f00000, 0x00000000a4f00000|100%| O|  |TAMS 0x00000000a4f00000, 0x00000000a4e00000| Untracked 
|  79|0x00000000a4f00000, 0x00000000a5000000, 0x00000000a5000000|100%| O|  |TAMS 0x00000000a5000000, 0x00000000a4f00000| Untracked 
|  80|0x00000000a5000000, 0x00000000a5100000, 0x00000000a5100000|100%| O|  |TAMS 0x00000000a5100000, 0x00000000a5000000| Untracked 
|  81|0x00000000a5100000, 0x00000000a5200000, 0x00000000a5200000|100%| O|  |TAMS 0x00000000a5200000, 0x00000000a5100000| Untracked 
|  82|0x00000000a5200000, 0x00000000a5300000, 0x00000000a5300000|100%| O|  |TAMS 0x00000000a5300000, 0x00000000a5200000| Untracked 
|  83|0x00000000a5300000, 0x00000000a5400000, 0x00000000a5400000|100%| O|  |TAMS 0x00000000a5400000, 0x00000000a5300000| Untracked 
|  84|0x00000000a5400000, 0x00000000a5500000, 0x00000000a5500000|100%| O|  |TAMS 0x00000000a5432600, 0x00000000a5400000| Untracked 
|  85|0x00000000a5500000, 0x00000000a5600000, 0x00000000a5600000|100%| O|  |TAMS 0x00000000a5500000, 0x00000000a5500000| Untracked 
|  86|0x00000000a5600000, 0x00000000a566e800, 0x00000000a5700000| 43%| O|  |TAMS 0x00000000a5600000, 0x00000000a5600000| Untracked 
|  87|0x00000000a5700000, 0x00000000a5700000, 0x00000000a5800000|  0%| F|  |TAMS 0x00000000a5700000, 0x00000000a5700000| Untracked 
|  88|0x00000000a5800000, 0x00000000a5800000, 0x00000000a5900000|  0%| F|  |TAMS 0x00000000a5800000, 0x00000000a5800000| Untracked 
|  89|0x00000000a5900000, 0x00000000a5900000, 0x00000000a5a00000|  0%| F|  |TAMS 0x00000000a5900000, 0x00000000a5900000| Untracked 
|  90|0x00000000a5a00000, 0x00000000a5a00000, 0x00000000a5b00000|  0%| F|  |TAMS 0x00000000a5a00000, 0x00000000a5a00000| Untracked 
|  91|0x00000000a5b00000, 0x00000000a5b00000, 0x00000000a5c00000|  0%| F|  |TAMS 0x00000000a5b00000, 0x00000000a5b00000| Untracked 
|  92|0x00000000a5c00000, 0x00000000a5c00000, 0x00000000a5d00000|  0%| F|  |TAMS 0x00000000a5c00000, 0x00000000a5c00000| Untracked 
|  93|0x00000000a5d00000, 0x00000000a5d00000, 0x00000000a5e00000|  0%| F|  |TAMS 0x00000000a5d00000, 0x00000000a5d00000| Untracked 
|  94|0x00000000a5e00000, 0x00000000a5e00000, 0x00000000a5f00000|  0%| F|  |TAMS 0x00000000a5e00000, 0x00000000a5e00000| Untracked 
|  95|0x00000000a5f00000, 0x00000000a5f00000, 0x00000000a6000000|  0%| F|  |TAMS 0x00000000a5f00000, 0x00000000a5f00000| Untracked 
|  96|0x00000000a6000000, 0x00000000a6000000, 0x00000000a6100000|  0%| F|  |TAMS 0x00000000a6000000, 0x00000000a6000000| Untracked 
|  97|0x00000000a6100000, 0x00000000a6100000, 0x00000000a6200000|  0%| F|  |TAMS 0x00000000a6100000, 0x00000000a6100000| Untracked 
|  98|0x00000000a6200000, 0x00000000a6200000, 0x00000000a6300000|  0%| F|  |TAMS 0x00000000a6200000, 0x00000000a6200000| Untracked 
|  99|0x00000000a6300000, 0x00000000a6300000, 0x00000000a6400000|  0%| F|  |TAMS 0x00000000a6300000, 0x00000000a6300000| Untracked 
| 100|0x00000000a6400000, 0x00000000a6400000, 0x00000000a6500000|  0%| F|  |TAMS 0x00000000a6400000, 0x00000000a6400000| Untracked 
| 101|0x00000000a6500000, 0x00000000a6500000, 0x00000000a6600000|  0%| F|  |TAMS 0x00000000a6500000, 0x00000000a6500000| Untracked 
| 102|0x00000000a6600000, 0x00000000a6600000, 0x00000000a6700000|  0%| F|  |TAMS 0x00000000a6600000, 0x00000000a6600000| Untracked 
| 103|0x00000000a6700000, 0x00000000a6700000, 0x00000000a6800000|  0%| F|  |TAMS 0x00000000a6700000, 0x00000000a6700000| Untracked 
| 104|0x00000000a6800000, 0x00000000a685d048, 0x00000000a6900000| 36%| S|CS|TAMS 0x00000000a6800000, 0x00000000a6800000| Complete 
| 105|0x00000000a6900000, 0x00000000a6a00000, 0x00000000a6a00000|100%| S|CS|TAMS 0x00000000a6900000, 0x00000000a6900000| Complete 
| 106|0x00000000a6a00000, 0x00000000a6a00000, 0x00000000a6b00000|  0%| F|  |TAMS 0x00000000a6a00000, 0x00000000a6a00000| Untracked 
| 107|0x00000000a6b00000, 0x00000000a6b00000, 0x00000000a6c00000|  0%| F|  |TAMS 0x00000000a6b00000, 0x00000000a6b00000| Untracked 
| 108|0x00000000a6c00000, 0x00000000a6c00000, 0x00000000a6d00000|  0%| F|  |TAMS 0x00000000a6c00000, 0x00000000a6c00000| Untracked 
| 109|0x00000000a6d00000, 0x00000000a6d00000, 0x00000000a6e00000|  0%| F|  |TAMS 0x00000000a6d00000, 0x00000000a6d00000| Untracked 
| 110|0x00000000a6e00000, 0x00000000a6e00000, 0x00000000a6f00000|  0%| F|  |TAMS 0x00000000a6e00000, 0x00000000a6e00000| Untracked 
| 111|0x00000000a6f00000, 0x00000000a6f00000, 0x00000000a7000000|  0%| F|  |TAMS 0x00000000a6f00000, 0x00000000a6f00000| Untracked 
| 112|0x00000000a7000000, 0x00000000a7000000, 0x00000000a7100000|  0%| F|  |TAMS 0x00000000a7000000, 0x00000000a7000000| Untracked 
| 113|0x00000000a7100000, 0x00000000a7100000, 0x00000000a7200000|  0%| F|  |TAMS 0x00000000a7100000, 0x00000000a7100000| Untracked 
| 114|0x00000000a7200000, 0x00000000a7200000, 0x00000000a7300000|  0%| F|  |TAMS 0x00000000a7200000, 0x00000000a7200000| Untracked 
| 115|0x00000000a7300000, 0x00000000a7300000, 0x00000000a7400000|  0%| F|  |TAMS 0x00000000a7300000, 0x00000000a7300000| Untracked 
| 116|0x00000000a7400000, 0x00000000a7400000, 0x00000000a7500000|  0%| F|  |TAMS 0x00000000a7400000, 0x00000000a7400000| Untracked 
| 117|0x00000000a7500000, 0x00000000a7500000, 0x00000000a7600000|  0%| F|  |TAMS 0x00000000a7500000, 0x00000000a7500000| Untracked 
| 118|0x00000000a7600000, 0x00000000a7600000, 0x00000000a7700000|  0%| F|  |TAMS 0x00000000a7600000, 0x00000000a7600000| Untracked 
| 119|0x00000000a7700000, 0x00000000a7700000, 0x00000000a7800000|  0%| F|  |TAMS 0x00000000a7700000, 0x00000000a7700000| Untracked 
| 120|0x00000000a7800000, 0x00000000a7800000, 0x00000000a7900000|  0%| F|  |TAMS 0x00000000a7800000, 0x00000000a7800000| Untracked 
| 121|0x00000000a7900000, 0x00000000a7900000, 0x00000000a7a00000|  0%| F|  |TAMS 0x00000000a7900000, 0x00000000a7900000| Untracked 
| 122|0x00000000a7a00000, 0x00000000a7a00000, 0x00000000a7b00000|  0%| F|  |TAMS 0x00000000a7a00000, 0x00000000a7a00000| Untracked 
| 123|0x00000000a7b00000, 0x00000000a7b00000, 0x00000000a7c00000|  0%| F|  |TAMS 0x00000000a7b00000, 0x00000000a7b00000| Untracked 
| 124|0x00000000a7c00000, 0x00000000a7c00000, 0x00000000a7d00000|  0%| F|  |TAMS 0x00000000a7c00000, 0x00000000a7c00000| Untracked 
| 125|0x00000000a7d00000, 0x00000000a7d00000, 0x00000000a7e00000|  0%| F|  |TAMS 0x00000000a7d00000, 0x00000000a7d00000| Untracked 
| 126|0x00000000a7e00000, 0x00000000a7e0dfc8, 0x00000000a7f00000|  5%| E|  |TAMS 0x00000000a7e00000, 0x00000000a7e00000| Complete 
| 127|0x00000000a7f00000, 0x00000000a8000000, 0x00000000a8000000|100%| E|CS|TAMS 0x00000000a7f00000, 0x00000000a7f00000| Complete 

Card table byte_map: [0x00000292c9ba0000,0x00000292c9ea0000] _byte_map_base: 0x00000292c96a0000

Marking Bits (Prev, Next): (CMBitMap*) 0x00000292b6dcd500, (CMBitMap*) 0x00000292b6dcd4c8
 Prev Bits: [0x00000292cb9a0000, 0x00000292cd1a0000)
 Next Bits: [0x00000292ca1a0000, 0x00000292cb9a0000)

Polling page: 0x00000292b4d30000

Metaspace:

Usage:
  Non-class:     74.37 MB capacity,    72.91 MB ( 98%) used,     1.23 MB (  2%) free+waste,   234.94 KB ( <1%) overhead. 
      Class:     12.00 MB capacity,    11.12 MB ( 93%) used,   786.84 KB (  6%) free+waste,   110.25 KB ( <1%) overhead. 
       Both:     86.37 MB capacity,    84.03 MB ( 97%) used,     2.00 MB (  2%) free+waste,   345.19 KB ( <1%) overhead. 

Virtual space:
  Non-class space:       76.00 MB reserved,      74.54 MB ( 98%) committed 
      Class space:        1.00 GB reserved,      12.00 MB (  1%) committed 
             Both:        1.07 GB reserved,      86.54 MB (  8%) committed 

Chunk freelists:
   Non-Class:  0 bytes
       Class:  1.00 KB
        Both:  1.00 KB

MaxMetaspaceSize: 17179869184.00 GB
CompressedClassSpaceSize: 1.00 GB
Initial GC threshold: 20.80 MB
Current GC threshold: 142.77 MB
CDS: off

CodeHeap 'non-profiled nmethods': size=120064Kb used=4449Kb max_used=4449Kb free=115614Kb
 bounds [0x00000292c2360000, 0x00000292c27c0000, 0x00000292c98a0000]
CodeHeap 'profiled nmethods': size=120000Kb used=18663Kb max_used=18663Kb free=101336Kb
 bounds [0x00000292bae30000, 0x00000292bc070000, 0x00000292c2360000]
CodeHeap 'non-nmethods': size=5696Kb used=2371Kb max_used=2430Kb free=3324Kb
 bounds [0x00000292ba8a0000, 0x00000292bab10000, 0x00000292bae30000]
 total_blobs=9911 nmethods=9028 adapters=793
 compilation: enabled
              stopped_count=0, restarted_count=0
 full_count=0

Compilation events (20 events):
Event: 107.714 Thread 0x00000292cf6b2800 nmethod 8812 0x00000292c27b7290 code [0x00000292c27b7420, 0x00000292c27b74b8]
Event: 109.624 Thread 0x00000292cf6b2800 9250       4       java.util.concurrent.locks.AbstractQueuedSynchronizer$ConditionObject::addConditionWaiter (79 bytes)
Event: 109.640 Thread 0x00000292cf6b2800 nmethod 9250 0x00000292c27b7590 code [0x00000292c27b7740, 0x00000292c27b7d18]
Event: 110.797 Thread 0x00000292cf6c2800 9251       3       java.util.HashMap$Values::spliterator (16 bytes)
Event: 110.798 Thread 0x00000292cf6c2800 nmethod 9251 0x00000292bc066e90 code [0x00000292bc067060, 0x00000292bc067288]
Event: 110.798 Thread 0x00000292cf6c2800 9252       3       java.util.HashMap$ValueSpliterator::<init> (12 bytes)
Event: 110.798 Thread 0x00000292cf6c2800 nmethod 9252 0x00000292bc067390 code [0x00000292bc067540, 0x00000292bc067758]
Event: 112.763 Thread 0x00000292cf6b2800 9253       4       java.util.stream.AbstractPipeline::sequential (10 bytes)
Event: 112.765 Thread 0x00000292cf6b2800 nmethod 9253 0x00000292c27b7e90 code [0x00000292c27b8020, 0x00000292c27b8098]
Event: 113.476 Thread 0x00000292cf6b2800 9254       4       java.util.concurrent.atomic.AtomicLong::compareAndSet (13 bytes)
Event: 113.477 Thread 0x00000292cf6b2800 nmethod 9254 0x00000292c27b8190 code [0x00000292c27b8320, 0x00000292c27b8398]
Event: 119.658 Thread 0x00000292cf6b2800 9255       4       org.gradle.internal.logging.text.AbstractLineChoppingStyledTextOutput$1::execute (9 bytes)
Event: 119.658 Thread 0x00000292cf6c2800 9257       3       org.gradle.internal.io.LineBufferingOutputStream::write (59 bytes)
Event: 119.660 Thread 0x00000292cf6c2800 nmethod 9257 0x00000292bc067890 code [0x00000292bc067b60, 0x00000292bc068938]
Event: 119.660 Thread 0x00000292cf6c2800 9258       3       org.gradle.internal.io.StreamByteBuffer$StreamByteBufferOutputStream::write (22 bytes)
Event: 119.661 Thread 0x00000292cf6c2800 nmethod 9258 0x00000292bc068e90 code [0x00000292bc069060, 0x00000292bc0692e8]
Event: 119.661 Thread 0x00000292cf6c2800 9259       3       org.gradle.internal.logging.text.AbstractStyledTextOutput::style (20 bytes)
Event: 119.661 Thread 0x00000292cf6c2800 nmethod 9259 0x00000292bc069490 code [0x00000292bc069660, 0x00000292bc0698c8]
Event: 119.664 Thread 0x00000292cf6c2800 9260       1       org.gradle.internal.logging.events.RenderableOutputEvent::getBuildOperationId (5 bytes)
Event: 119.664 Thread 0x00000292cf6c2800 nmethod 9260 0x00000292c27b8490 code [0x00000292c27b8640, 0x00000292c27b86f8]

GC Heap History (20 events):
Event: 94.238 GC heap before
{Heap before GC invocations=21 (full 0):
 garbage-first heap   total 131072K, used 106296K [0x00000000a0000000, 0x0000000100000000)
  region size 1024K, 45 young (46080K), 7 survivors (7168K)
 Metaspace       used 67975K, capacity 69693K, committed 69800K, reserved 1110016K
  class space    used 8645K, capacity 9302K, committed 9344K, reserved 1048576K
}
Event: 94.261 GC heap after
{Heap after GC invocations=22 (full 0):
 garbage-first heap   total 131072K, used 69730K [0x00000000a0000000, 0x0000000100000000)
  region size 1024K, 3 young (3072K), 3 survivors (3072K)
 Metaspace       used 67975K, capacity 69693K, committed 69800K, reserved 1110016K
  class space    used 8645K, capacity 9302K, committed 9344K, reserved 1048576K
}
Event: 95.542 GC heap before
{Heap before GC invocations=23 (full 0):
 garbage-first heap   total 131072K, used 106594K [0x00000000a0000000, 0x0000000100000000)
  region size 1024K, 39 young (39936K), 3 survivors (3072K)
 Metaspace       used 69394K, capacity 71356K, committed 71592K, reserved 1112064K
  class space    used 8827K, capacity 9516K, committed 9600K, reserved 1048576K
}
Event: 95.558 GC heap after
{Heap after GC invocations=24 (full 0):
 garbage-first heap   total 131072K, used 72000K [0x00000000a0000000, 0x0000000100000000)
  region size 1024K, 5 young (5120K), 5 survivors (5120K)
 Metaspace       used 69394K, capacity 71356K, committed 71592K, reserved 1112064K
  class space    used 8827K, capacity 9516K, committed 9600K, reserved 1048576K
}
Event: 98.540 GC heap before
{Heap before GC invocations=24 (full 0):
 garbage-first heap   total 131072K, used 107840K [0x00000000a0000000, 0x0000000100000000)
  region size 1024K, 40 young (40960K), 5 survivors (5120K)
 Metaspace       used 73080K, capacity 75077K, committed 75304K, reserved 1114112K
  class space    used 9485K, capacity 10176K, committed 10240K, reserved 1048576K
}
Event: 98.559 GC heap after
{Heap after GC invocations=25 (full 0):
 garbage-first heap   total 131072K, used 74260K [0x00000000a0000000, 0x0000000100000000)
  region size 1024K, 5 young (5120K), 5 survivors (5120K)
 Metaspace       used 73080K, capacity 75077K, committed 75304K, reserved 1114112K
  class space    used 9485K, capacity 10176K, committed 10240K, reserved 1048576K
}
Event: 99.764 GC heap before
{Heap before GC invocations=26 (full 0):
 garbage-first heap   total 131072K, used 109076K [0x00000000a0000000, 0x0000000100000000)
  region size 1024K, 39 young (39936K), 5 survivors (5120K)
 Metaspace       used 74662K, capacity 76655K, committed 76840K, reserved 1116160K
  class space    used 9703K, capacity 10467K, committed 10496K, reserved 1048576K
}
Event: 99.784 GC heap after
{Heap after GC invocations=27 (full 0):
 garbage-first heap   total 131072K, used 77168K [0x00000000a0000000, 0x0000000100000000)
  region size 1024K, 5 young (5120K), 5 survivors (5120K)
 Metaspace       used 74662K, capacity 76655K, committed 76840K, reserved 1116160K
  class space    used 9703K, capacity 10467K, committed 10496K, reserved 1048576K
}
Event: 100.531 GC heap before
{Heap before GC invocations=27 (full 0):
 garbage-first heap   total 131072K, used 108912K [0x00000000a0000000, 0x0000000100000000)
  region size 1024K, 36 young (36864K), 5 survivors (5120K)
 Metaspace       used 75757K, capacity 77861K, committed 78120K, reserved 1116160K
  class space    used 9885K, capacity 10666K, committed 10752K, reserved 1048576K
}
Event: 100.572 GC heap after
{Heap after GC invocations=28 (full 0):
 garbage-first heap   total 131072K, used 80411K [0x00000000a0000000, 0x0000000100000000)
  region size 1024K, 3 young (3072K), 3 survivors (3072K)
 Metaspace       used 75757K, capacity 77861K, committed 78120K, reserved 1116160K
  class space    used 9885K, capacity 10666K, committed 10752K, reserved 1048576K
}
Event: 102.277 GC heap before
{Heap before GC invocations=29 (full 0):
 garbage-first heap   total 131072K, used 110107K [0x00000000a0000000, 0x0000000100000000)
  region size 1024K, 32 young (32768K), 3 survivors (3072K)
 Metaspace       used 78301K, capacity 80527K, committed 80808K, reserved 1120256K
  class space    used 10272K, capacity 11079K, committed 11136K, reserved 1048576K
}
Event: 102.289 GC heap after
{Heap after GC invocations=30 (full 0):
 garbage-first heap   total 131072K, used 82543K [0x00000000a0000000, 0x0000000100000000)
  region size 1024K, 2 young (2048K), 2 survivors (2048K)
 Metaspace       used 78301K, capacity 80527K, committed 80808K, reserved 1120256K
  class space    used 10272K, capacity 11079K, committed 11136K, reserved 1048576K
}
Event: 104.154 GC heap before
{Heap before GC invocations=30 (full 0):
 garbage-first heap   total 131072K, used 110191K [0x00000000a0000000, 0x0000000100000000)
  region size 1024K, 29 young (29696K), 2 survivors (2048K)
 Metaspace       used 81726K, capacity 84020K, committed 84136K, reserved 1122304K
  class space    used 10734K, capacity 11548K, committed 11648K, reserved 1048576K
}
Event: 104.168 GC heap after
{Heap after GC invocations=31 (full 0):
 garbage-first heap   total 131072K, used 83699K [0x00000000a0000000, 0x0000000100000000)
  region size 1024K, 4 young (4096K), 4 survivors (4096K)
 Metaspace       used 81726K, capacity 84020K, committed 84136K, reserved 1122304K
  class space    used 10734K, capacity 11548K, committed 11648K, reserved 1048576K
}
Event: 105.519 GC heap before
{Heap before GC invocations=32 (full 0):
 garbage-first heap   total 131072K, used 110323K [0x00000000a0000000, 0x0000000100000000)
  region size 1024K, 30 young (30720K), 4 survivors (4096K)
 Metaspace       used 83425K, capacity 85606K, committed 85800K, reserved 1124352K
  class space    used 10944K, capacity 11772K, committed 11776K, reserved 1048576K
}
Event: 105.535 GC heap after
{Heap after GC invocations=33 (full 0):
 garbage-first heap   total 131072K, used 86227K [0x00000000a0000000, 0x0000000100000000)
  region size 1024K, 4 young (4096K), 4 survivors (4096K)
 Metaspace       used 83425K, capacity 85606K, committed 85800K, reserved 1124352K
  class space    used 10944K, capacity 11772K, committed 11776K, reserved 1048576K
}
Event: 106.522 GC heap before
{Heap before GC invocations=33 (full 0):
 garbage-first heap   total 131072K, used 109779K [0x00000000a0000000, 0x0000000100000000)
  region size 1024K, 28 young (28672K), 4 survivors (4096K)
 Metaspace       used 85184K, capacity 87571K, committed 87720K, reserved 1124352K
  class space    used 11242K, capacity 12104K, committed 12160K, reserved 1048576K
}
Event: 106.545 GC heap after
{Heap after GC invocations=34 (full 0):
 garbage-first heap   total 131072K, used 88787K [0x00000000a0000000, 0x0000000100000000)
  region size 1024K, 3 young (3072K), 3 survivors (3072K)
 Metaspace       used 85184K, capacity 87571K, committed 87720K, reserved 1124352K
  class space    used 11242K, capacity 12104K, committed 12160K, reserved 1048576K
}
Event: 107.547 GC heap before
{Heap before GC invocations=35 (full 0):
 garbage-first heap   total 131072K, used 110291K [0x00000000a0000000, 0x0000000100000000)
  region size 1024K, 25 young (25600K), 3 survivors (3072K)
 Metaspace       used 85863K, capacity 88281K, committed 88360K, reserved 1126400K
  class space    used 11369K, capacity 12274K, committed 12288K, reserved 1048576K
}
Event: 107.559 GC heap after
{Heap after GC invocations=36 (full 0):
 garbage-first heap   total 131072K, used 89902K [0x00000000a0000000, 0x0000000100000000)
  region size 1024K, 2 young (2048K), 2 survivors (2048K)
 Metaspace       used 85863K, capacity 88281K, committed 88360K, reserved 1126400K
  class space    used 11369K, capacity 12274K, committed 12288K, reserved 1048576K
}

Deoptimization events (20 events):
Event: 106.975 Thread 0x00000292d2c1e800 DEOPT PACKING pc=0x00000292bbe53238 sp=0x000000bf6acfb780
Event: 106.975 Thread 0x00000292d2c1e800 DEOPT UNPACKING pc=0x00000292ba8ea95e sp=0x000000bf6acfac88 mode 0
Event: 107.059 Thread 0x00000292d2c1e800 DEOPT PACKING pc=0x00000292bbe53238 sp=0x000000bf6acfb410
Event: 107.059 Thread 0x00000292d2c1e800 DEOPT UNPACKING pc=0x00000292ba8ea95e sp=0x000000bf6acfa918 mode 0
Event: 107.097 Thread 0x00000292d2c1e800 DEOPT PACKING pc=0x00000292bbe53238 sp=0x000000bf6acfcee0
Event: 107.097 Thread 0x00000292d2c1e800 DEOPT UNPACKING pc=0x00000292ba8ea95e sp=0x000000bf6acfc3e8 mode 0
Event: 107.112 Thread 0x00000292d2c1e800 DEOPT PACKING pc=0x00000292bbe53238 sp=0x000000bf6acfbe40
Event: 107.112 Thread 0x00000292d2c1e800 DEOPT UNPACKING pc=0x00000292ba8ea95e sp=0x000000bf6acfb348 mode 0
Event: 107.116 Thread 0x00000292d2c1e800 DEOPT PACKING pc=0x00000292bbe53238 sp=0x000000bf6acfbe40
Event: 107.116 Thread 0x00000292d2c1e800 DEOPT UNPACKING pc=0x00000292ba8ea95e sp=0x000000bf6acfb348 mode 0
Event: 107.119 Thread 0x00000292d2c1e800 DEOPT PACKING pc=0x00000292bbe53238 sp=0x000000bf6acfbe40
Event: 107.119 Thread 0x00000292d2c1e800 DEOPT UNPACKING pc=0x00000292ba8ea95e sp=0x000000bf6acfb348 mode 0
Event: 107.122 Thread 0x00000292d2c1e800 DEOPT PACKING pc=0x00000292bbe53238 sp=0x000000bf6acfbe30
Event: 107.122 Thread 0x00000292d2c1e800 DEOPT UNPACKING pc=0x00000292ba8ea95e sp=0x000000bf6acfb338 mode 0
Event: 107.126 Thread 0x00000292d2c1e800 DEOPT PACKING pc=0x00000292bbe53238 sp=0x000000bf6acfbe30
Event: 107.126 Thread 0x00000292d2c1e800 DEOPT UNPACKING pc=0x00000292ba8ea95e sp=0x000000bf6acfb338 mode 0
Event: 107.129 Thread 0x00000292d2c1e800 DEOPT PACKING pc=0x00000292bbe53238 sp=0x000000bf6acfbe30
Event: 107.129 Thread 0x00000292d2c1e800 DEOPT UNPACKING pc=0x00000292ba8ea95e sp=0x000000bf6acfb338 mode 0
Event: 107.536 Thread 0x00000292d2c1e800 DEOPT PACKING pc=0x00000292bbe53238 sp=0x000000bf6acf83b0
Event: 107.536 Thread 0x00000292d2c1e800 DEOPT UNPACKING pc=0x00000292ba8ea95e sp=0x000000bf6acf78b8 mode 0

Classes redefined (0 events):
No events

Internal exceptions (20 events):
Event: 107.470 Thread 0x00000292d2c1e800 Exception <a 'java/lang/ClassNotFoundException'{0x00000000a6d99e80}: org/gradle/process/internal/DefaultExecActionBeanInfo> (0x00000000a6d99e80) thrown at [./src/hotspot/share/classfile/systemDictionary.cpp, line 231]
Event: 107.473 Thread 0x00000292d2c1e800 Exception <a 'java/lang/ClassNotFoundException'{0x00000000a6dcbc18}: org/gradle/process/internal/DefaultExecHandleBuilderBeanInfo> (0x00000000a6dcbc18) thrown at [./src/hotspot/share/classfile/systemDictionary.cpp, line 231]
Event: 107.476 Thread 0x00000292d2c1e800 Exception <a 'java/lang/ClassNotFoundException'{0x00000000a6dfe000}: org/gradle/process/internal/AbstractExecHandleBuilderBeanInfo> (0x00000000a6dfe000) thrown at [./src/hotspot/share/classfile/systemDictionary.cpp, line 231]
Event: 107.479 Thread 0x00000292d2c1e800 Exception <a 'java/lang/ClassNotFoundException'{0x00000000a6c30f08}: org/gradle/process/internal/DefaultProcessForkOptionsBeanInfo> (0x00000000a6c30f08) thrown at [./src/hotspot/share/classfile/systemDictionary.cpp, line 231]
Event: 107.482 Thread 0x00000292d2c1e800 Exception <a 'java/lang/ClassNotFoundException'{0x00000000a6c63e60}: org/gradle/process/internal/DefaultProcessForkOptionsCustomizer> (0x00000000a6c63e60) thrown at [./src/hotspot/share/classfile/systemDictionary.cpp, line 231]
Event: 107.487 Thread 0x00000292d2c1e800 Exception <a 'java/lang/ClassNotFoundException'{0x00000000a6ca3a20}: org/gradle/process/internal/AbstractExecHandleBuilderCustomizer> (0x00000000a6ca3a20) thrown at [./src/hotspot/share/classfile/systemDictionary.cpp, line 231]
Event: 107.490 Thread 0x00000292d2c1e800 Exception <a 'java/lang/ClassNotFoundException'{0x00000000a6ce7a18}: org/gradle/process/internal/DefaultExecHandleBuilderCustomizer> (0x00000000a6ce7a18) thrown at [./src/hotspot/share/classfile/systemDictionary.cpp, line 231]
Event: 107.497 Thread 0x00000292d2c1e800 Exception <a 'java/lang/ClassNotFoundException'{0x00000000a6b43558}: org/gradle/process/internal/DefaultExecActionCustomizer> (0x00000000a6b43558) thrown at [./src/hotspot/share/classfile/systemDictionary.cpp, line 231]
Event: 107.500 Thread 0x00000292d2c1e800 Exception <a 'java/lang/ClassNotFoundException'{0x00000000a6b7fc08}: org/gradle/process/internal/DefaultExecAction_DecoratedCustomizer> (0x00000000a6b7fc08) thrown at [./src/hotspot/share/classfile/systemDictionary.cpp, line 231]
Event: 107.509 Thread 0x00000292d2c1e800 Exception <a 'java/lang/ClassNotFoundException'{0x00000000a6bd83e8}: org/gradle/api/logging/LogLevelBeanInfo> (0x00000000a6bd83e8) thrown at [./src/hotspot/share/classfile/systemDictionary.cpp, line 231]
Event: 107.513 Thread 0x00000292d2c1e800 Exception <a 'java/lang/ClassNotFoundException'{0x00000000a6a01ea0}: org/gradle/api/logging/LogLevelCustomizer> (0x00000000a6a01ea0) thrown at [./src/hotspot/share/classfile/systemDictionary.cpp, line 231]
Event: 107.525 Thread 0x00000292d2c1e800 Exception <a 'java/lang/ClassNotFoundException'{0x00000000a6a719e0}: org/gradle/internal/logging/services/DefaultLoggingManagerBeanInfo> (0x00000000a6a719e0) thrown at [./src/hotspot/share/classfile/systemDictionary.cpp, line 231]
Event: 107.532 Thread 0x00000292d2c1e800 Exception <a 'java/lang/ClassNotFoundException'{0x00000000a6aa4e80}: org/gradle/internal/logging/services/DefaultLoggingManagerCustomizer> (0x00000000a6aa4e80) thrown at [./src/hotspot/share/classfile/systemDictionary.cpp, line 231]
Event: 107.541 Thread 0x00000292d2c1e800 Exception <a 'java/lang/ClassNotFoundException'{0x00000000a6adee90}: java/lang/BooleanBeanInfo> (0x00000000a6adee90) thrown at [./src/hotspot/share/classfile/systemDictionary.cpp, line 231]
Event: 107.542 Thread 0x00000292d2c1e800 Exception <a 'java/lang/ClassNotFoundException'{0x00000000a6ae8b98}: java/lang/BooleanCustomizer> (0x00000000a6ae8b98) thrown at [./src/hotspot/share/classfile/systemDictionary.cpp, line 231]
Event: 107.603 Thread 0x00000292d2c2a000 Exception <a 'java/lang/NoSuchMethodError'{0x00000000a7f5c450}: 'void java.lang.invoke.DirectMethodHandle$Holder.invokeStatic(java.lang.Object, long)'> (0x00000000a7f5c450) thrown at [./src/hotspot/share/interpreter/linkResolver.cpp, line 773]
Event: 107.605 Thread 0x00000292d2c2a000 Exception <a 'java/lang/NoSuchMethodError'{0x00000000a7f61630}: 'java.lang.Object java.lang.invoke.DirectMethodHandle$Holder.invokeStatic(java.lang.Object, long)'> (0x00000000a7f61630) thrown at [./src/hotspot/share/interpreter/linkResolver.cpp, line 773]
Event: 107.609 Thread 0x00000292d2c2a000 Exception <a 'java/lang/NoSuchMethodError'{0x00000000a7f6f988}: 'java.lang.Object java.lang.invoke.DirectMethodHandle$Holder.invokeStaticInit(java.lang.Object, java.lang.Object, long, java.lang.Object)'> (0x00000000a7f6f988) thrown at [./src/hotspot/share/interpreter/linkResolver.cpp, line 773]
Event: 107.610 Thread 0x00000292d2c2a000 Exception <a 'java/lang/NoSuchMethodError'{0x00000000a7f75878}: 'java.lang.Object java.lang.invoke.DirectMethodHandle$Holder.invokeStatic(java.lang.Object, java.lang.Object, long)'> (0x00000000a7f75878) thrown at [./src/hotspot/share/interpreter/linkResolver.cpp, line 773]
Event: 107.611 Thread 0x00000292d2c2a000 Exception <a 'java/lang/NoSuchMethodError'{0x00000000a7f7bd90}: 'java.lang.Object java.lang.invoke.Invokers$Holder.linkToTargetMethod(java.lang.Object, long, java.lang.Object)'> (0x00000000a7f7bd90) thrown at [./src/hotspot/share/interpreter/linkResolver.cpp, line 773]

Events (20 events):
Event: 107.612 loading class java/lang/ProcessImpl$2
Event: 107.612 loading class java/lang/ProcessImpl$2 done
Event: 107.612 loading class java/lang/Process$PipeInputStream
Event: 107.612 loading class java/lang/Process$PipeInputStream done
Event: 107.612 Executing VM operation: Deoptimize
Event: 107.614 Executing VM operation: Deoptimize done
Event: 107.614 loading class org/gradle/process/internal/streams/ExecOutputHandleRunner
Event: 107.614 loading class org/gradle/process/internal/streams/ExecOutputHandleRunner done
Event: 107.617 Thread 0x00000292d2c28800 Thread added: 0x00000292d2c28800
Event: 107.617 Thread 0x00000292d2c25000 Thread added: 0x00000292d2c25000
Event: 119.653 loading class org/gradle/internal/logging/events/StyledTextOutputEvent$Span
Event: 119.653 loading class org/gradle/internal/logging/events/StyledTextOutputEvent$Span done
Event: 119.654 loading class org/gradle/internal/logging/events/operations/StyledTextBuildOperationProgressDetails$Span
Event: 119.654 loading class org/gradle/internal/logging/events/operations/StyledTextBuildOperationProgressDetails$Span done
Event: 119.654 loading class org/gradle/internal/operations/logging/StyledTextBuildOperationProgressDetails$Span
Event: 119.654 loading class org/gradle/internal/operations/logging/StyledTextBuildOperationProgressDetails$Span done
Event: 119.655 Executing VM operation: RevokeBias
Event: 119.656 Executing VM operation: RevokeBias done
Event: 119.656 Executing VM operation: RevokeBias
Event: 119.656 Executing VM operation: RevokeBias done


Dynamic libraries:
0x00007ff700460000 - 0x00007ff70046a000 	H:\Andriod studio\jre\bin\java.exe
0x00007ffce5e30000 - 0x00007ffce6028000 	C:\WINDOWS\SYSTEM32\ntdll.dll
0x00007ffca9ae0000 - 0x00007ffca9af7000 	C:\Program Files\Avast Software\Avast\aswhook.dll
0x00007ffce4440000 - 0x00007ffce44ff000 	C:\WINDOWS\System32\KERNEL32.DLL
0x00007ffce37d0000 - 0x00007ffce3aa2000 	C:\WINDOWS\System32\KERNELBASE.dll
0x00007ffce3c60000 - 0x00007ffce3d60000 	C:\WINDOWS\System32\ucrtbase.dll
0x00007ffcca860000 - 0x00007ffcca877000 	H:\Andriod studio\jre\bin\VCRUNTIME140.dll
0x00007ffcca880000 - 0x00007ffcca899000 	H:\Andriod studio\jre\bin\jli.dll
0x00007ffce41b0000 - 0x00007ffce4351000 	C:\WINDOWS\System32\USER32.dll
0x00007ffce3b50000 - 0x00007ffce3b72000 	C:\WINDOWS\System32\win32u.dll
0x00007ffcc4300000 - 0x00007ffcc459a000 	C:\WINDOWS\WinSxS\amd64_microsoft.windows.common-controls_6595b64144ccf1df_6.0.19041.1110_none_60b5254171f9507e\COMCTL32.dll
0x00007ffce5050000 - 0x00007ffce50ee000 	C:\WINDOWS\System32\msvcrt.dll
0x00007ffce4500000 - 0x00007ffce452b000 	C:\WINDOWS\System32\GDI32.dll
0x00007ffce3d60000 - 0x00007ffce3e6f000 	C:\WINDOWS\System32\gdi32full.dll
0x00007ffce3ab0000 - 0x00007ffce3b4d000 	C:\WINDOWS\System32\msvcp_win.dll
0x00007ffce53c0000 - 0x00007ffce53f2000 	C:\WINDOWS\System32\IMM32.DLL
0x00007ffc908f0000 - 0x00007ffc9098d000 	H:\Andriod studio\jre\bin\msvcp140.dll
0x00007ffc55310000 - 0x00007ffc55df5000 	H:\Andriod studio\jre\bin\server\jvm.dll
0x00007ffce5310000 - 0x00007ffce53be000 	C:\WINDOWS\System32\ADVAPI32.dll
0x00007ffce5690000 - 0x00007ffce572c000 	C:\WINDOWS\System32\sechost.dll
0x00007ffce3e90000 - 0x00007ffce3fb5000 	C:\WINDOWS\System32\RPCRT4.dll
0x00007ffce5cd0000 - 0x00007ffce5cd8000 	C:\WINDOWS\System32\PSAPI.DLL
0x00007ffccfa10000 - 0x00007ffccfa19000 	C:\WINDOWS\SYSTEM32\WSOCK32.dll
0x00007ffcbb5b0000 - 0x00007ffcbb5d7000 	C:\WINDOWS\SYSTEM32\WINMM.dll
0x00007ffce4530000 - 0x00007ffce459b000 	C:\WINDOWS\System32\WS2_32.dll
0x00007ffcd7960000 - 0x00007ffcd796a000 	C:\WINDOWS\SYSTEM32\VERSION.dll
0x00007ffce1dc0000 - 0x00007ffce1dd2000 	C:\WINDOWS\SYSTEM32\kernel.appcore.dll
0x00007ffcca840000 - 0x00007ffcca851000 	H:\Andriod studio\jre\bin\verify.dll
0x00007ffce1b50000 - 0x00007ffce1d34000 	C:\WINDOWS\SYSTEM32\DBGHELP.DLL
0x00007ffcd2390000 - 0x00007ffcd23c5000 	C:\WINDOWS\SYSTEM32\dbgcore.DLL
0x00007ffce3740000 - 0x00007ffce37c2000 	C:\WINDOWS\System32\bcryptPrimitives.dll
0x00007ffcca810000 - 0x00007ffcca839000 	H:\Andriod studio\jre\bin\java.dll
0x00007ffcd90c0000 - 0x00007ffcd90cb000 	H:\Andriod studio\jre\bin\jimage.dll
0x00007ffcca7f0000 - 0x00007ffcca808000 	H:\Andriod studio\jre\bin\zip.dll
0x00007ffce4900000 - 0x00007ffce5044000 	C:\WINDOWS\System32\SHELL32.dll
0x00007ffce12f0000 - 0x00007ffce1a82000 	C:\WINDOWS\SYSTEM32\windows.storage.dll
0x00007ffce45a0000 - 0x00007ffce48f5000 	C:\WINDOWS\System32\combase.dll
0x00007ffce2ea0000 - 0x00007ffce2ed0000 	C:\WINDOWS\SYSTEM32\Wldp.dll
0x00007ffce5d40000 - 0x00007ffce5ded000 	C:\WINDOWS\System32\SHCORE.dll
0x00007ffce5ce0000 - 0x00007ffce5d35000 	C:\WINDOWS\System32\shlwapi.dll
0x00007ffce3460000 - 0x00007ffce347f000 	C:\WINDOWS\SYSTEM32\profapi.dll
0x00007ffcca7d0000 - 0x00007ffcca7ea000 	H:\Andriod studio\jre\bin\net.dll
0x00007ffcd20c0000 - 0x00007ffcd21cc000 	C:\WINDOWS\SYSTEM32\WINHTTP.dll
0x00007ffce2c00000 - 0x00007ffce2c6a000 	C:\WINDOWS\system32\mswsock.dll
0x00007ffcbe160000 - 0x00007ffcbe174000 	H:\Andriod studio\jre\bin\nio.dll
0x00007ffccf160000 - 0x00007ffccf187000 	C:\Users\A.B.S.R\.gradle\native\e1d6ef7f7dcc3fd88c89a11ec53ec762bb8ba0a96d01ffa2cd45eb1d1d8dd5c5\windows-amd64\native-platform.dll
0x00007ffc907a0000 - 0x00007ffc908e4000 	C:\Users\A.B.S.R\.gradle\native\0d407fdbe67a94daf76414ababcb853783967236a71b16ec16e742cd7a986fd3\windows-amd64\native-platform-file-events.dll
0x00007ffcd7c90000 - 0x00007ffcd7c9a000 	H:\Andriod studio\jre\bin\management.dll
0x00007ffcd79d0000 - 0x00007ffcd79dd000 	H:\Andriod studio\jre\bin\management_ext.dll
0x00007ffce2df0000 - 0x00007ffce2e08000 	C:\WINDOWS\SYSTEM32\CRYPTSP.dll
0x00007ffce2520000 - 0x00007ffce2554000 	C:\WINDOWS\system32\rsaenh.dll
0x00007ffce3b80000 - 0x00007ffce3ba7000 	C:\WINDOWS\System32\bcrypt.dll
0x00007ffce33e0000 - 0x00007ffce340e000 	C:\WINDOWS\SYSTEM32\USERENV.dll
0x00007ffce2e10000 - 0x00007ffce2e1c000 	C:\WINDOWS\SYSTEM32\CRYPTBASE.dll
0x00007ffce28f0000 - 0x00007ffce292b000 	C:\WINDOWS\SYSTEM32\IPHLPAPI.DLL
0x00007ffce3fc0000 - 0x00007ffce3fc8000 	C:\WINDOWS\System32\NSI.dll
0x00007ffcd22d0000 - 0x00007ffcd22e7000 	C:\WINDOWS\SYSTEM32\dhcpcsvc6.DLL
0x00007ffcd27a0000 - 0x00007ffcd27bd000 	C:\WINDOWS\SYSTEM32\dhcpcsvc.DLL
0x00007ffce2930000 - 0x00007ffce29fa000 	C:\WINDOWS\SYSTEM32\DNSAPI.dll

dbghelp: loaded successfully - version: 4.0.5 - missing functions: none
symbol engine: initialized successfully - sym options: 0x614 - pdb path: .;H:\Andriod studio\jre\bin;C:\WINDOWS\SYSTEM32;C:\Program Files\Avast Software\Avast;C:\WINDOWS\WinSxS\amd64_microsoft.windows.common-controls_6595b64144ccf1df_6.0.19041.1110_none_60b5254171f9507e;H:\Andriod studio\jre\bin\server;C:\Users\A.B.S.R\.gradle\native\e1d6ef7f7dcc3fd88c89a11ec53ec762bb8ba0a96d01ffa2cd45eb1d1d8dd5c5\windows-amd64;C:\Users\A.B.S.R\.gradle\native\0d407fdbe67a94daf76414ababcb853783967236a71b16ec16e742cd7a986fd3\windows-amd64

VM Arguments:
jvm_args: --add-opens=java.base/java.util=ALL-UNNAMED --add-opens=java.base/java.lang=ALL-UNNAMED --add-opens=java.base/java.lang.invoke=ALL-UNNAMED --add-opens=java.base/java.util=ALL-UNNAMED --add-opens=java.prefs/java.util.prefs=ALL-UNNAMED --add-opens=java.prefs/java.util.prefs=ALL-UNNAMED --add-opens=java.base/java.nio.charset=ALL-UNNAMED --add-opens=java.base/java.net=ALL-UNNAMED --add-opens=java.base/java.util.concurrent.atomic=ALL-UNNAMED -Xmx1536M -Dfile.encoding=windows-1252 -Duser.country=US -Duser.language=en -Duser.variant 
java_command: org.gradle.launcher.daemon.bootstrap.GradleDaemon 7.4
java_class_path (initial): C:\Users\A.B.S.R\.gradle\wrapper\dists\gradle-7.4-all\aadb4xli5jkdsnukm30eibyiu\gradle-7.4\lib\gradle-launcher-7.4.jar
Launcher Type: SUN_STANDARD

[Global flags]
     intx CICompilerCount                          = 3                                         {product} {ergonomic}
     uint ConcGCThreads                            = 1                                         {product} {ergonomic}
     uint G1ConcRefinementThreads                  = 4                                         {product} {ergonomic}
   size_t G1HeapRegionSize                         = 1048576                                   {product} {ergonomic}
    uintx GCDrainStackTargetSize                   = 64                                        {product} {ergonomic}
   size_t InitialHeapSize                          = 134217728                                 {product} {ergonomic}
   size_t MarkStackSize                            = 4194304                                   {product} {ergonomic}
   size_t MaxHeapSize                              = 1610612736                                {product} {command line}
   size_t MaxNewSize                               = 965738496                                 {product} {ergonomic}
   size_t MinHeapDeltaBytes                        = 1048576                                   {product} {ergonomic}
    uintx NonNMethodCodeHeapSize                   = 5830732                                {pd product} {ergonomic}
    uintx NonProfiledCodeHeapSize                  = 122913754                              {pd product} {ergonomic}
    uintx ProfiledCodeHeapSize                     = 122913754                              {pd product} {ergonomic}
    uintx ReservedCodeCacheSize                    = 251658240                              {pd product} {ergonomic}
     bool SegmentedCodeCache                       = true                                      {product} {ergonomic}
     bool UseCompressedClassPointers               = true                                 {lp64_product} {ergonomic}
     bool UseCompressedOops                        = true                                 {lp64_product} {ergonomic}
     bool UseG1GC                                  = true                                      {product} {ergonomic}
     bool UseLargePagesIndividualAllocation        = false                                  {pd product} {ergonomic}

Logging:
Log output configuration:
 #0: stdout all=warning uptime,level,tags
 #1: stderr all=off uptime,level,tags

Environment Variables:
JAVA_HOME=H:\Andriod studio\jre
CLASSPATH=H:\Flutter Apps Project\shop_app\android\\gradle\wrapper\gradle-wrapper.jar
PATH=C:\Program Files\Common Files\Oracle\Java\javapath;C:\WINDOWS\system32;C:\WINDOWS;C:\WINDOWS\System32\Wbem;C:\WINDOWS\System32\WindowsPowerShell\v1.0\;C:\WINDOWS\System32\OpenSSH\;C:\Users\A.B.S.R\AppData\Local\Programs\Python\Python38;C:\Program Files\Git\cmd;C:\Program Files\Git\mingw64\bin;C:\Program Files\Git\usr\bin;H:\JAVA\bin;C:\Users\A.B.S.R\AppData\Local\Programs\Python\Python38\Scripts\;C:\Users\A.B.S.R\AppData\Local\Programs\Python\Python38\;C:\Users\A.B.S.R\AppData\Local\Microsoft\WindowsApps;C:\Users\A.B.S.R\AppData\Local\Programs\Python\Python38;C:\Users\A.B.S.R\AppData\Local\Programs\Microsoft VS Code\bin;H:\Flutter Dev\flutter\bin;H:\JAVA\bin;;H:\Flutter Dev\flutter\bin\mingit\cmd
USERNAME=A.B.S.R
OS=Windows_NT
PROCESSOR_IDENTIFIER=Intel64 Family 6 Model 78 Stepping 3, GenuineIntel



---------------  S Y S T E M  ---------------

OS: Windows 10 , 64 bit Build 19041 (10.0.19041.2364)
OS uptime: 2 days 0:55 hours

CPU:total 4 (initial active 4) (2 cores per cpu, 2 threads per core) family 6 model 78 stepping 3 microcode 0xcc, cmov, cx8, fxsr, mmx, sse, sse2, sse3, ssse3, sse4.1, sse4.2, popcnt, avx, avx2, aes, clmul, erms, rtm, 3dnowpref, lzcnt, ht, tsc, tscinvbit, bmi1, bmi2, adx, fma

Memory: 4k page, system-wide physical 8072M (74M free)
TotalPageFile size 20789M (AvailPageFile size 0M)
current process WorkingSet (physical memory assigned to process): 334M, peak: 365M
current process commit charge ("private bytes"): 372M, peak: 401M

vm_info: OpenJDK 64-Bit Server VM (11.0.12+7-b1504.28-7817840) for windows-amd64 JRE (11.0.12+7-b1504.28-7817840), built on Oct 13 2021 22:12:33 by "builder" with MS VC++ 14.0 (VS2015)

END.
